<?xml version="1.0" encoding="UTF-8"?>
<!-- Generated by org.testng.reporters.JUnitXMLReporter -->
<testsuite ignored="0" hostname="DESKTOP-45M1KI2" failures="0" tests="40" name="Default test" time="684.202" errors="0" timestamp="2025-12-22T23:36:40 IST">
  <testcase classname="mkAppt.dateAndTimeSlotSelection" name="test" time="11.793"/>
  <testcase classname="mkAppt.dateAndTimeSlotSelection" name="test" time="11.534"/>
  <testcase classname="mkAppt.dateAndTimeSlotSelection" name="test" time="11.55"/>
  <testcase classname="mkAppt.dateAndTimeSlotSelection" name="test" time="11.56"/>
  <testcase classname="mkAppt.dateAndTimeSlotSelection" name="test" time="11.473"/>
  <testcase classname="mkAppt.dateAndTimeSlotSelection" name="test" time="12.278"/>
  <testcase classname="mkAppt.dateAndTimeSlotSelection" name="test" time="11.542"/>
  <testcase classname="mkAppt.dateAndTimeSlotSelection" name="test" time="11.404"/>
  <testcase classname="mkAppt.dateAndTimeSlotSelection" name="test" time="12.283"/>
  <testcase classname="mkAppt.dateAndTimeSlotSelection" name="test" time="11.508"/>
  <testcase classname="mkAppt.dateAndTimeSlotSelection" name="test" time="11.692"/>
  <testcase classname="mkAppt.dateAndTimeSlotSelection" name="test" time="11.563"/>
  <testcase classname="mkAppt.dateAndTimeSlotSelection" name="test" time="11.598"/>
  <testcase classname="mkAppt.dateAndTimeSlotSelection" name="test" time="11.507"/>
  <testcase classname="mkAppt.dateAndTimeSlotSelection" name="test" time="11.472"/>
  <testcase classname="mkAppt.dateAndTimeSlotSelection" name="test" time="11.476"/>
  <testcase classname="mkAppt.dateAndTimeSlotSelection" name="test" time="11.465"/>
  <testcase classname="mkAppt.dateAndTimeSlotSelection" name="test" time="11.504"/>
  <testcase classname="mkAppt.dateAndTimeSlotSelection" name="test" time="11.445"/>
  <testcase classname="mkAppt.dateAndTimeSlotSelection" name="test" time="12.107"/>
  <testcase classname="mkAppt.dateAndTimeSlotSelection" name="test" time="12.456"/>
  <testcase classname="mkAppt.dateAndTimeSlotSelection" name="test" time="11.777"/>
  <testcase classname="mkAppt.dateAndTimeSlotSelection" name="test" time="11.928"/>
  <testcase classname="mkAppt.dateAndTimeSlotSelection" name="test" time="11.457"/>
  <testcase classname="mkAppt.dateAndTimeSlotSelection" name="test" time="11.962"/>
  <testcase classname="mkAppt.dateAndTimeSlotSelection" name="test" time="11.504"/>
  <testcase classname="mkAppt.dateAndTimeSlotSelection" name="test" time="11.445"/>
  <testcase classname="mkAppt.dateAndTimeSlotSelection" name="test" time="11.4"/>
  <testcase classname="mkAppt.dateAndTimeSlotSelection" name="test" time="11.49"/>
  <testcase classname="mkAppt.dateAndTimeSlotSelection" name="test" time="11.36"/>
  <testcase classname="mkAppt.dateAndTimeSlotSelection" name="test" time="11.59"/>
  <testcase classname="mkAppt.dateAndTimeSlotSelection" name="test" time="12.087"/>
  <testcase classname="mkAppt.dateAndTimeSlotSelection" name="test" time="11.467"/>
  <testcase classname="mkAppt.dateAndTimeSlotSelection" name="test" time="11.528"/>
  <testcase classname="mkAppt.dateAndTimeSlotSelection" name="test" time="11.568"/>
  <testcase classname="mkAppt.dateAndTimeSlotSelection" name="test" time="12.035"/>
  <testcase classname="mkAppt.dateAndTimeSlotSelection" name="test" time="12.236"/>
  <testcase classname="mkAppt.dateAndTimeSlotSelection" name="test" time="11.482"/>
  <testcase classname="mkAppt.dateAndTimeSlotSelection" name="test" time="11.559"/>
  <testcase classname="mkAppt.dateAndTimeSlotSelection" name="test" time="12.305"/>
</testsuite> <!-- Default test -->
