<?xml version="1.0" encoding="UTF-8"?>
<!-- Generated by org.testng.reporters.JUnitXMLReporter -->
<testsuite ignored="0" hostname="DESKTOP-45M1KI2" failures="0" tests="40" name="Default test" time="727.682" errors="0" timestamp="2025-12-24T20:41:19 IST">
  <testcase classname="mkAppt.dateAndTimeSlotSelection" name="test" time="12.896"/>
  <testcase classname="mkAppt.dateAndTimeSlotSelection" name="test" time="12.671"/>
  <testcase classname="mkAppt.dateAndTimeSlotSelection" name="test" time="12.543"/>
  <testcase classname="mkAppt.dateAndTimeSlotSelection" name="test" time="13.447"/>
  <testcase classname="mkAppt.dateAndTimeSlotSelection" name="test" time="12.171"/>
  <testcase classname="mkAppt.dateAndTimeSlotSelection" name="test" time="11.58"/>
  <testcase classname="mkAppt.dateAndTimeSlotSelection" name="test" time="12.318"/>
  <testcase classname="mkAppt.dateAndTimeSlotSelection" name="test" time="11.537"/>
  <testcase classname="mkAppt.dateAndTimeSlotSelection" name="test" time="11.486"/>
  <testcase classname="mkAppt.dateAndTimeSlotSelection" name="test" time="11.434"/>
  <testcase classname="mkAppt.dateAndTimeSlotSelection" name="test" time="11.552"/>
  <testcase classname="mkAppt.dateAndTimeSlotSelection" name="test" time="11.515"/>
  <testcase classname="mkAppt.dateAndTimeSlotSelection" name="test" time="12.194"/>
  <testcase classname="mkAppt.dateAndTimeSlotSelection" name="test" time="11.989"/>
  <testcase classname="mkAppt.dateAndTimeSlotSelection" name="test" time="13.143"/>
  <testcase classname="mkAppt.dateAndTimeSlotSelection" name="test" time="12.802"/>
  <testcase classname="mkAppt.dateAndTimeSlotSelection" name="test" time="11.988"/>
  <testcase classname="mkAppt.dateAndTimeSlotSelection" name="test" time="11.961"/>
  <testcase classname="mkAppt.dateAndTimeSlotSelection" name="test" time="11.973"/>
  <testcase classname="mkAppt.dateAndTimeSlotSelection" name="test" time="12.145"/>
  <testcase classname="mkAppt.dateAndTimeSlotSelection" name="test" time="12.573"/>
  <testcase classname="mkAppt.dateAndTimeSlotSelection" name="test" time="13.219"/>
  <testcase classname="mkAppt.dateAndTimeSlotSelection" name="test" time="13.265"/>
  <testcase classname="mkAppt.dateAndTimeSlotSelection" name="test" time="13.135"/>
  <testcase classname="mkAppt.dateAndTimeSlotSelection" name="test" time="11.474"/>
  <testcase classname="mkAppt.dateAndTimeSlotSelection" name="test" time="11.488"/>
  <testcase classname="mkAppt.dateAndTimeSlotSelection" name="test" time="11.453"/>
  <testcase classname="mkAppt.dateAndTimeSlotSelection" name="test" time="12.259"/>
  <testcase classname="mkAppt.dateAndTimeSlotSelection" name="test" time="11.464"/>
  <testcase classname="mkAppt.dateAndTimeSlotSelection" name="test" time="11.34"/>
  <testcase classname="mkAppt.dateAndTimeSlotSelection" name="test" time="11.578"/>
  <testcase classname="mkAppt.dateAndTimeSlotSelection" name="test" time="11.415"/>
  <testcase classname="mkAppt.dateAndTimeSlotSelection" name="test" time="12.265"/>
  <testcase classname="mkAppt.dateAndTimeSlotSelection" name="test" time="12.581"/>
  <testcase classname="mkAppt.dateAndTimeSlotSelection" name="test" time="12.585"/>
  <testcase classname="mkAppt.dateAndTimeSlotSelection" name="test" time="12.487"/>
  <testcase classname="mkAppt.dateAndTimeSlotSelection" name="test" time="12.636"/>
  <testcase classname="mkAppt.dateAndTimeSlotSelection" name="test" time="13.333"/>
  <testcase classname="mkAppt.dateAndTimeSlotSelection" name="test" time="12.526"/>
  <testcase classname="mkAppt.dateAndTimeSlotSelection" name="test" time="12.532"/>
</testsuite> <!-- Default test -->
