<?xml version="1.0" encoding="UTF-8"?>
<testng-results ignored="0" total="40" passed="40" failed="0" skipped="0">
  <reporter-output>
  </reporter-output>
  <suite started-at="2025-12-24T20:29:11 IST" name="Default suite" finished-at="2025-12-24T20:41:19 IST" duration-ms="727682">
    <groups>
    </groups>
    <test started-at="2025-12-24T20:29:11 IST" name="Default test" finished-at="2025-12-24T20:41:19 IST" duration-ms="727682">
      <class name="mkAppt.dateAndTimeSlotSelection">
        <test-method is-config="true" signature="loadConfig()[pri:0, instance:mkAppt.dateAndTimeSlotSelection@272113c4]" started-at="2025-12-24T20:29:11 IST" name="loadConfig" finished-at="2025-12-24T20:29:11 IST" duration-ms="7" status="PASS">
          <reporter-output>
          </reporter-output>
        </test-method> <!-- loadConfig -->
        <test-method is-config="true" signature="setup()[pri:0, instance:mkAppt.dateAndTimeSlotSelection@272113c4]" started-at="2025-12-24T20:29:12 IST" name="setup" finished-at="2025-12-24T20:29:14 IST" duration-ms="2448" status="PASS">
          <reporter-output>
          </reporter-output>
        </test-method> <!-- setup -->
        <test-method signature="test(java.lang.String,java.lang.String,java.lang.String,java.lang.String,java.lang.String,java.lang.String,java.lang.String,java.lang.String,java.lang.String)[pri:1, instance:mkAppt.dateAndTimeSlotSelection@272113c4]" started-at="2025-12-24T20:29:14 IST" name="test" data-provider="makeAppointmentData" finished-at="2025-12-24T20:29:27 IST" duration-ms="12896" status="PASS">
          <params>
            <param index="0">
              <value>
                <![CDATA[provider one]]>
              </value>
            </param>
            <param index="1">
              <value>
                <![CDATA[RR]]>
              </value>
            </param>
            <param index="2">
              <value>
                <![CDATA[C]]>
              </value>
            </param>
            <param index="3">
              <value>
                <![CDATA[Aaron]]>
              </value>
            </param>
            <param index="4">
              <value>
                <![CDATA[Smith]]>
              </value>
            </param>
            <param index="5">
              <value>
                <![CDATA["11112000"]]>
              </value>
            </param>
            <param index="6">
              <value>
                <![CDATA[Male]]>
              </value>
            </param>
            <param index="7">
              <value>
                <![CDATA["9876543210"]]>
              </value>
            </param>
            <param index="8">
              <value>
                <![CDATA[aaron.smith@testmail.com]]>
              </value>
            </param>
          </params>
          <reporter-output>
          </reporter-output>
        </test-method> <!-- test -->
        <test-method is-config="true" signature="tearDown()[pri:0, instance:mkAppt.dateAndTimeSlotSelection@272113c4]" started-at="2025-12-24T20:29:27 IST" name="tearDown" finished-at="2025-12-24T20:29:28 IST" duration-ms="428" status="PASS">
          <reporter-output>
          </reporter-output>
        </test-method> <!-- tearDown -->
        <test-method is-config="true" signature="setup()[pri:0, instance:mkAppt.dateAndTimeSlotSelection@272113c4]" started-at="2025-12-24T20:29:28 IST" name="setup" finished-at="2025-12-24T20:29:29 IST" duration-ms="1743" status="PASS">
          <reporter-output>
          </reporter-output>
        </test-method> <!-- setup -->
        <test-method signature="test(java.lang.String,java.lang.String,java.lang.String,java.lang.String,java.lang.String,java.lang.String,java.lang.String,java.lang.String,java.lang.String)[pri:1, instance:mkAppt.dateAndTimeSlotSelection@272113c4]" started-at="2025-12-24T20:29:29 IST" name="test" data-provider="makeAppointmentData" finished-at="2025-12-24T20:29:42 IST" duration-ms="12671" status="PASS">
          <params>
            <param index="0">
              <value>
                <![CDATA[provider one]]>
              </value>
            </param>
            <param index="1">
              <value>
                <![CDATA[RR]]>
              </value>
            </param>
            <param index="2">
              <value>
                <![CDATA[C]]>
              </value>
            </param>
            <param index="3">
              <value>
                <![CDATA[Emily]]>
              </value>
            </param>
            <param index="4">
              <value>
                <![CDATA[Johnson]]>
              </value>
            </param>
            <param index="5">
              <value>
                <![CDATA["11112000"]]>
              </value>
            </param>
            <param index="6">
              <value>
                <![CDATA[Female]]>
              </value>
            </param>
            <param index="7">
              <value>
                <![CDATA["9876543210"]]>
              </value>
            </param>
            <param index="8">
              <value>
                <![CDATA[emily.johnson@testmail.com]]>
              </value>
            </param>
          </params>
          <reporter-output>
          </reporter-output>
        </test-method> <!-- test -->
        <test-method is-config="true" signature="tearDown()[pri:0, instance:mkAppt.dateAndTimeSlotSelection@272113c4]" started-at="2025-12-24T20:29:42 IST" name="tearDown" finished-at="2025-12-24T20:29:42 IST" duration-ms="404" status="PASS">
          <reporter-output>
          </reporter-output>
        </test-method> <!-- tearDown -->
        <test-method is-config="true" signature="setup()[pri:0, instance:mkAppt.dateAndTimeSlotSelection@272113c4]" started-at="2025-12-24T20:29:42 IST" name="setup" finished-at="2025-12-24T20:29:44 IST" duration-ms="1725" status="PASS">
          <reporter-output>
          </reporter-output>
        </test-method> <!-- setup -->
        <test-method signature="test(java.lang.String,java.lang.String,java.lang.String,java.lang.String,java.lang.String,java.lang.String,java.lang.String,java.lang.String,java.lang.String)[pri:1, instance:mkAppt.dateAndTimeSlotSelection@272113c4]" started-at="2025-12-24T20:29:44 IST" name="test" data-provider="makeAppointmentData" finished-at="2025-12-24T20:29:57 IST" duration-ms="12543" status="PASS">
          <params>
            <param index="0">
              <value>
                <![CDATA[provider one]]>
              </value>
            </param>
            <param index="1">
              <value>
                <![CDATA[RR]]>
              </value>
            </param>
            <param index="2">
              <value>
                <![CDATA[C]]>
              </value>
            </param>
            <param index="3">
              <value>
                <![CDATA[Daniel]]>
              </value>
            </param>
            <param index="4">
              <value>
                <![CDATA[Brown]]>
              </value>
            </param>
            <param index="5">
              <value>
                <![CDATA["11112000"]]>
              </value>
            </param>
            <param index="6">
              <value>
                <![CDATA[Male]]>
              </value>
            </param>
            <param index="7">
              <value>
                <![CDATA["9876543210"]]>
              </value>
            </param>
            <param index="8">
              <value>
                <![CDATA[daniel.brown@testmail.com]]>
              </value>
            </param>
          </params>
          <reporter-output>
          </reporter-output>
        </test-method> <!-- test -->
        <test-method is-config="true" signature="tearDown()[pri:0, instance:mkAppt.dateAndTimeSlotSelection@272113c4]" started-at="2025-12-24T20:29:57 IST" name="tearDown" finished-at="2025-12-24T20:29:57 IST" duration-ms="482" status="PASS">
          <reporter-output>
          </reporter-output>
        </test-method> <!-- tearDown -->
        <test-method is-config="true" signature="setup()[pri:0, instance:mkAppt.dateAndTimeSlotSelection@272113c4]" started-at="2025-12-24T20:29:57 IST" name="setup" finished-at="2025-12-24T20:29:58 IST" duration-ms="863" status="PASS">
          <reporter-output>
          </reporter-output>
        </test-method> <!-- setup -->
        <test-method signature="test(java.lang.String,java.lang.String,java.lang.String,java.lang.String,java.lang.String,java.lang.String,java.lang.String,java.lang.String,java.lang.String)[pri:1, instance:mkAppt.dateAndTimeSlotSelection@272113c4]" started-at="2025-12-24T20:29:58 IST" name="test" data-provider="makeAppointmentData" finished-at="2025-12-24T20:30:11 IST" duration-ms="13447" status="PASS">
          <params>
            <param index="0">
              <value>
                <![CDATA[provider one]]>
              </value>
            </param>
            <param index="1">
              <value>
                <![CDATA[RR]]>
              </value>
            </param>
            <param index="2">
              <value>
                <![CDATA[C]]>
              </value>
            </param>
            <param index="3">
              <value>
                <![CDATA[Sophia]]>
              </value>
            </param>
            <param index="4">
              <value>
                <![CDATA[Davis]]>
              </value>
            </param>
            <param index="5">
              <value>
                <![CDATA["11112000"]]>
              </value>
            </param>
            <param index="6">
              <value>
                <![CDATA[Female]]>
              </value>
            </param>
            <param index="7">
              <value>
                <![CDATA["9876543210"]]>
              </value>
            </param>
            <param index="8">
              <value>
                <![CDATA[sophia.davis@testmail.com]]>
              </value>
            </param>
          </params>
          <reporter-output>
          </reporter-output>
        </test-method> <!-- test -->
        <test-method is-config="true" signature="tearDown()[pri:0, instance:mkAppt.dateAndTimeSlotSelection@272113c4]" started-at="2025-12-24T20:30:11 IST" name="tearDown" finished-at="2025-12-24T20:30:13 IST" duration-ms="1919" status="PASS">
          <reporter-output>
          </reporter-output>
        </test-method> <!-- tearDown -->
        <test-method is-config="true" signature="setup()[pri:0, instance:mkAppt.dateAndTimeSlotSelection@272113c4]" started-at="2025-12-24T20:30:13 IST" name="setup" finished-at="2025-12-24T20:30:14 IST" duration-ms="793" status="PASS">
          <reporter-output>
          </reporter-output>
        </test-method> <!-- setup -->
        <test-method signature="test(java.lang.String,java.lang.String,java.lang.String,java.lang.String,java.lang.String,java.lang.String,java.lang.String,java.lang.String,java.lang.String)[pri:1, instance:mkAppt.dateAndTimeSlotSelection@272113c4]" started-at="2025-12-24T20:30:14 IST" name="test" data-provider="makeAppointmentData" finished-at="2025-12-24T20:30:26 IST" duration-ms="12171" status="PASS">
          <params>
            <param index="0">
              <value>
                <![CDATA[provider two]]>
              </value>
            </param>
            <param index="1">
              <value>
                <![CDATA[RR]]>
              </value>
            </param>
            <param index="2">
              <value>
                <![CDATA[e - nine]]>
              </value>
            </param>
            <param index="3">
              <value>
                <![CDATA[Liam]]>
              </value>
            </param>
            <param index="4">
              <value>
                <![CDATA[Miller]]>
              </value>
            </param>
            <param index="5">
              <value>
                <![CDATA["11112000"]]>
              </value>
            </param>
            <param index="6">
              <value>
                <![CDATA[Male]]>
              </value>
            </param>
            <param index="7">
              <value>
                <![CDATA["9876543210"]]>
              </value>
            </param>
            <param index="8">
              <value>
                <![CDATA[liam.miller@testmail.com]]>
              </value>
            </param>
          </params>
          <reporter-output>
          </reporter-output>
        </test-method> <!-- test -->
        <test-method is-config="true" signature="tearDown()[pri:0, instance:mkAppt.dateAndTimeSlotSelection@272113c4]" started-at="2025-12-24T20:30:26 IST" name="tearDown" finished-at="2025-12-24T20:30:27 IST" duration-ms="387" status="PASS">
          <reporter-output>
          </reporter-output>
        </test-method> <!-- tearDown -->
        <test-method is-config="true" signature="setup()[pri:0, instance:mkAppt.dateAndTimeSlotSelection@272113c4]" started-at="2025-12-24T20:30:27 IST" name="setup" finished-at="2025-12-24T20:30:28 IST" duration-ms="1556" status="PASS">
          <reporter-output>
          </reporter-output>
        </test-method> <!-- setup -->
        <test-method signature="test(java.lang.String,java.lang.String,java.lang.String,java.lang.String,java.lang.String,java.lang.String,java.lang.String,java.lang.String,java.lang.String)[pri:1, instance:mkAppt.dateAndTimeSlotSelection@272113c4]" started-at="2025-12-24T20:30:28 IST" name="test" data-provider="makeAppointmentData" finished-at="2025-12-24T20:30:40 IST" duration-ms="11580" status="PASS">
          <params>
            <param index="0">
              <value>
                <![CDATA[provider two]]>
              </value>
            </param>
            <param index="1">
              <value>
                <![CDATA[DC]]>
              </value>
            </param>
            <param index="2">
              <value>
                <![CDATA[e - nine]]>
              </value>
            </param>
            <param index="3">
              <value>
                <![CDATA[Olivia]]>
              </value>
            </param>
            <param index="4">
              <value>
                <![CDATA[Wilson]]>
              </value>
            </param>
            <param index="5">
              <value>
                <![CDATA["11112000"]]>
              </value>
            </param>
            <param index="6">
              <value>
                <![CDATA[Female]]>
              </value>
            </param>
            <param index="7">
              <value>
                <![CDATA["9876543210"]]>
              </value>
            </param>
            <param index="8">
              <value>
                <![CDATA[olivia.wilson@testmail.com]]>
              </value>
            </param>
          </params>
          <reporter-output>
          </reporter-output>
        </test-method> <!-- test -->
        <test-method is-config="true" signature="tearDown()[pri:0, instance:mkAppt.dateAndTimeSlotSelection@272113c4]" started-at="2025-12-24T20:30:40 IST" name="tearDown" finished-at="2025-12-24T20:30:40 IST" duration-ms="515" status="PASS">
          <reporter-output>
          </reporter-output>
        </test-method> <!-- tearDown -->
        <test-method is-config="true" signature="setup()[pri:0, instance:mkAppt.dateAndTimeSlotSelection@272113c4]" started-at="2025-12-24T20:30:40 IST" name="setup" finished-at="2025-12-24T20:30:41 IST" duration-ms="800" status="PASS">
          <reporter-output>
          </reporter-output>
        </test-method> <!-- setup -->
        <test-method signature="test(java.lang.String,java.lang.String,java.lang.String,java.lang.String,java.lang.String,java.lang.String,java.lang.String,java.lang.String,java.lang.String)[pri:1, instance:mkAppt.dateAndTimeSlotSelection@272113c4]" started-at="2025-12-24T20:30:41 IST" name="test" data-provider="makeAppointmentData" finished-at="2025-12-24T20:30:53 IST" duration-ms="12318" status="PASS">
          <params>
            <param index="0">
              <value>
                <![CDATA[provider two]]>
              </value>
            </param>
            <param index="1">
              <value>
                <![CDATA[RR]]>
              </value>
            </param>
            <param index="2">
              <value>
                <![CDATA[e - nine]]>
              </value>
            </param>
            <param index="3">
              <value>
                <![CDATA[Ethan]]>
              </value>
            </param>
            <param index="4">
              <value>
                <![CDATA[Moore]]>
              </value>
            </param>
            <param index="5">
              <value>
                <![CDATA["11112000"]]>
              </value>
            </param>
            <param index="6">
              <value>
                <![CDATA[Male]]>
              </value>
            </param>
            <param index="7">
              <value>
                <![CDATA["9876543210"]]>
              </value>
            </param>
            <param index="8">
              <value>
                <![CDATA[ethan.moore@testmail.com]]>
              </value>
            </param>
          </params>
          <reporter-output>
          </reporter-output>
        </test-method> <!-- test -->
        <test-method is-config="true" signature="tearDown()[pri:0, instance:mkAppt.dateAndTimeSlotSelection@272113c4]" started-at="2025-12-24T20:30:53 IST" name="tearDown" finished-at="2025-12-24T20:30:54 IST" duration-ms="424" status="PASS">
          <reporter-output>
          </reporter-output>
        </test-method> <!-- tearDown -->
        <test-method is-config="true" signature="setup()[pri:0, instance:mkAppt.dateAndTimeSlotSelection@272113c4]" started-at="2025-12-24T20:30:54 IST" name="setup" finished-at="2025-12-24T20:30:56 IST" duration-ms="1725" status="PASS">
          <reporter-output>
          </reporter-output>
        </test-method> <!-- setup -->
        <test-method signature="test(java.lang.String,java.lang.String,java.lang.String,java.lang.String,java.lang.String,java.lang.String,java.lang.String,java.lang.String,java.lang.String)[pri:1, instance:mkAppt.dateAndTimeSlotSelection@272113c4]" started-at="2025-12-24T20:30:56 IST" name="test" data-provider="makeAppointmentData" finished-at="2025-12-24T20:31:07 IST" duration-ms="11537" status="PASS">
          <params>
            <param index="0">
              <value>
                <![CDATA[provider two]]>
              </value>
            </param>
            <param index="1">
              <value>
                <![CDATA[DC]]>
              </value>
            </param>
            <param index="2">
              <value>
                <![CDATA[e - nine]]>
              </value>
            </param>
            <param index="3">
              <value>
                <![CDATA[Ava]]>
              </value>
            </param>
            <param index="4">
              <value>
                <![CDATA[Taylor]]>
              </value>
            </param>
            <param index="5">
              <value>
                <![CDATA["11112000"]]>
              </value>
            </param>
            <param index="6">
              <value>
                <![CDATA[Female]]>
              </value>
            </param>
            <param index="7">
              <value>
                <![CDATA["9876543210"]]>
              </value>
            </param>
            <param index="8">
              <value>
                <![CDATA[ava.taylor@testmail.com]]>
              </value>
            </param>
          </params>
          <reporter-output>
          </reporter-output>
        </test-method> <!-- test -->
        <test-method is-config="true" signature="tearDown()[pri:0, instance:mkAppt.dateAndTimeSlotSelection@272113c4]" started-at="2025-12-24T20:31:07 IST" name="tearDown" finished-at="2025-12-24T20:31:19 IST" duration-ms="11720" status="PASS">
          <reporter-output>
          </reporter-output>
        </test-method> <!-- tearDown -->
        <test-method is-config="true" signature="setup()[pri:0, instance:mkAppt.dateAndTimeSlotSelection@272113c4]" started-at="2025-12-24T20:31:19 IST" name="setup" finished-at="2025-12-24T20:31:20 IST" duration-ms="1557" status="PASS">
          <reporter-output>
          </reporter-output>
        </test-method> <!-- setup -->
        <test-method signature="test(java.lang.String,java.lang.String,java.lang.String,java.lang.String,java.lang.String,java.lang.String,java.lang.String,java.lang.String,java.lang.String)[pri:1, instance:mkAppt.dateAndTimeSlotSelection@272113c4]" started-at="2025-12-24T20:31:20 IST" name="test" data-provider="makeAppointmentData" finished-at="2025-12-24T20:31:32 IST" duration-ms="11486" status="PASS">
          <params>
            <param index="0">
              <value>
                <![CDATA[provider two]]>
              </value>
            </param>
            <param index="1">
              <value>
                <![CDATA[LA]]>
              </value>
            </param>
            <param index="2">
              <value>
                <![CDATA[e - nine]]>
              </value>
            </param>
            <param index="3">
              <value>
                <![CDATA[Jacob]]>
              </value>
            </param>
            <param index="4">
              <value>
                <![CDATA[Anderson]]>
              </value>
            </param>
            <param index="5">
              <value>
                <![CDATA["11112000"]]>
              </value>
            </param>
            <param index="6">
              <value>
                <![CDATA[Male]]>
              </value>
            </param>
            <param index="7">
              <value>
                <![CDATA["9876543210"]]>
              </value>
            </param>
            <param index="8">
              <value>
                <![CDATA[jacob.anderson@testmail.com]]>
              </value>
            </param>
          </params>
          <reporter-output>
          </reporter-output>
        </test-method> <!-- test -->
        <test-method is-config="true" signature="tearDown()[pri:0, instance:mkAppt.dateAndTimeSlotSelection@272113c4]" started-at="2025-12-24T20:31:32 IST" name="tearDown" finished-at="2025-12-24T20:31:51 IST" duration-ms="18754" status="PASS">
          <reporter-output>
          </reporter-output>
        </test-method> <!-- tearDown -->
        <test-method is-config="true" signature="setup()[pri:0, instance:mkAppt.dateAndTimeSlotSelection@272113c4]" started-at="2025-12-24T20:31:51 IST" name="setup" finished-at="2025-12-24T20:31:52 IST" duration-ms="1556" status="PASS">
          <reporter-output>
          </reporter-output>
        </test-method> <!-- setup -->
        <test-method signature="test(java.lang.String,java.lang.String,java.lang.String,java.lang.String,java.lang.String,java.lang.String,java.lang.String,java.lang.String,java.lang.String)[pri:1, instance:mkAppt.dateAndTimeSlotSelection@272113c4]" started-at="2025-12-24T20:31:52 IST" name="test" data-provider="makeAppointmentData" finished-at="2025-12-24T20:32:04 IST" duration-ms="11434" status="PASS">
          <params>
            <param index="0">
              <value>
                <![CDATA[provider three]]>
              </value>
            </param>
            <param index="1">
              <value>
                <![CDATA[DC]]>
              </value>
            </param>
            <param index="2">
              <value>
                <![CDATA[A]]>
              </value>
            </param>
            <param index="3">
              <value>
                <![CDATA[Mia]]>
              </value>
            </param>
            <param index="4">
              <value>
                <![CDATA[Thomas]]>
              </value>
            </param>
            <param index="5">
              <value>
                <![CDATA["11112000"]]>
              </value>
            </param>
            <param index="6">
              <value>
                <![CDATA[Female]]>
              </value>
            </param>
            <param index="7">
              <value>
                <![CDATA["9876543210"]]>
              </value>
            </param>
            <param index="8">
              <value>
                <![CDATA[mia.thomas@testmail.com]]>
              </value>
            </param>
          </params>
          <reporter-output>
          </reporter-output>
        </test-method> <!-- test -->
        <test-method is-config="true" signature="tearDown()[pri:0, instance:mkAppt.dateAndTimeSlotSelection@272113c4]" started-at="2025-12-24T20:32:04 IST" name="tearDown" finished-at="2025-12-24T20:32:04 IST" duration-ms="509" status="PASS">
          <reporter-output>
          </reporter-output>
        </test-method> <!-- tearDown -->
        <test-method is-config="true" signature="setup()[pri:0, instance:mkAppt.dateAndTimeSlotSelection@272113c4]" started-at="2025-12-24T20:32:04 IST" name="setup" finished-at="2025-12-24T20:32:06 IST" duration-ms="1565" status="PASS">
          <reporter-output>
          </reporter-output>
        </test-method> <!-- setup -->
        <test-method signature="test(java.lang.String,java.lang.String,java.lang.String,java.lang.String,java.lang.String,java.lang.String,java.lang.String,java.lang.String,java.lang.String)[pri:1, instance:mkAppt.dateAndTimeSlotSelection@272113c4]" started-at="2025-12-24T20:32:06 IST" name="test" data-provider="makeAppointmentData" finished-at="2025-12-24T20:32:17 IST" duration-ms="11552" status="PASS">
          <params>
            <param index="0">
              <value>
                <![CDATA[provider three]]>
              </value>
            </param>
            <param index="1">
              <value>
                <![CDATA[DC]]>
              </value>
            </param>
            <param index="2">
              <value>
                <![CDATA[A]]>
              </value>
            </param>
            <param index="3">
              <value>
                <![CDATA[Michael]]>
              </value>
            </param>
            <param index="4">
              <value>
                <![CDATA[Jackson]]>
              </value>
            </param>
            <param index="5">
              <value>
                <![CDATA["11112000"]]>
              </value>
            </param>
            <param index="6">
              <value>
                <![CDATA[Male]]>
              </value>
            </param>
            <param index="7">
              <value>
                <![CDATA["9876543210"]]>
              </value>
            </param>
            <param index="8">
              <value>
                <![CDATA[michael.jackson@testmail.com]]>
              </value>
            </param>
          </params>
          <reporter-output>
          </reporter-output>
        </test-method> <!-- test -->
        <test-method is-config="true" signature="tearDown()[pri:0, instance:mkAppt.dateAndTimeSlotSelection@272113c4]" started-at="2025-12-24T20:32:17 IST" name="tearDown" finished-at="2025-12-24T20:32:19 IST" duration-ms="1972" status="PASS">
          <reporter-output>
          </reporter-output>
        </test-method> <!-- tearDown -->
        <test-method is-config="true" signature="setup()[pri:0, instance:mkAppt.dateAndTimeSlotSelection@272113c4]" started-at="2025-12-24T20:32:19 IST" name="setup" finished-at="2025-12-24T20:32:21 IST" duration-ms="1553" status="PASS">
          <reporter-output>
          </reporter-output>
        </test-method> <!-- setup -->
        <test-method signature="test(java.lang.String,java.lang.String,java.lang.String,java.lang.String,java.lang.String,java.lang.String,java.lang.String,java.lang.String,java.lang.String)[pri:1, instance:mkAppt.dateAndTimeSlotSelection@272113c4]" started-at="2025-12-24T20:32:21 IST" name="test" data-provider="makeAppointmentData" finished-at="2025-12-24T20:32:32 IST" duration-ms="11515" status="PASS">
          <params>
            <param index="0">
              <value>
                <![CDATA[provider three]]>
              </value>
            </param>
            <param index="1">
              <value>
                <![CDATA[DC]]>
              </value>
            </param>
            <param index="2">
              <value>
                <![CDATA[A]]>
              </value>
            </param>
            <param index="3">
              <value>
                <![CDATA[Isabella]]>
              </value>
            </param>
            <param index="4">
              <value>
                <![CDATA[White]]>
              </value>
            </param>
            <param index="5">
              <value>
                <![CDATA["11112000"]]>
              </value>
            </param>
            <param index="6">
              <value>
                <![CDATA[Female]]>
              </value>
            </param>
            <param index="7">
              <value>
                <![CDATA["9876543210"]]>
              </value>
            </param>
            <param index="8">
              <value>
                <![CDATA[isabella.white@testmail.com]]>
              </value>
            </param>
          </params>
          <reporter-output>
          </reporter-output>
        </test-method> <!-- test -->
        <test-method is-config="true" signature="tearDown()[pri:0, instance:mkAppt.dateAndTimeSlotSelection@272113c4]" started-at="2025-12-24T20:32:32 IST" name="tearDown" finished-at="2025-12-24T20:32:33 IST" duration-ms="498" status="PASS">
          <reporter-output>
          </reporter-output>
        </test-method> <!-- tearDown -->
        <test-method is-config="true" signature="setup()[pri:0, instance:mkAppt.dateAndTimeSlotSelection@272113c4]" started-at="2025-12-24T20:32:33 IST" name="setup" finished-at="2025-12-24T20:32:34 IST" duration-ms="908" status="PASS">
          <reporter-output>
          </reporter-output>
        </test-method> <!-- setup -->
        <test-method signature="test(java.lang.String,java.lang.String,java.lang.String,java.lang.String,java.lang.String,java.lang.String,java.lang.String,java.lang.String,java.lang.String)[pri:1, instance:mkAppt.dateAndTimeSlotSelection@272113c4]" started-at="2025-12-24T20:32:34 IST" name="test" data-provider="makeAppointmentData" finished-at="2025-12-24T20:32:46 IST" duration-ms="12194" status="PASS">
          <params>
            <param index="0">
              <value>
                <![CDATA[provider three]]>
              </value>
            </param>
            <param index="1">
              <value>
                <![CDATA[DC]]>
              </value>
            </param>
            <param index="2">
              <value>
                <![CDATA[A]]>
              </value>
            </param>
            <param index="3">
              <value>
                <![CDATA[William]]>
              </value>
            </param>
            <param index="4">
              <value>
                <![CDATA[Harris]]>
              </value>
            </param>
            <param index="5">
              <value>
                <![CDATA["11112000"]]>
              </value>
            </param>
            <param index="6">
              <value>
                <![CDATA[Male]]>
              </value>
            </param>
            <param index="7">
              <value>
                <![CDATA["9876543210"]]>
              </value>
            </param>
            <param index="8">
              <value>
                <![CDATA[william.harris@testmail.com]]>
              </value>
            </param>
          </params>
          <reporter-output>
          </reporter-output>
        </test-method> <!-- test -->
        <test-method is-config="true" signature="tearDown()[pri:0, instance:mkAppt.dateAndTimeSlotSelection@272113c4]" started-at="2025-12-24T20:32:46 IST" name="tearDown" finished-at="2025-12-24T20:32:50 IST" duration-ms="3722" status="PASS">
          <reporter-output>
          </reporter-output>
        </test-method> <!-- tearDown -->
        <test-method is-config="true" signature="setup()[pri:0, instance:mkAppt.dateAndTimeSlotSelection@272113c4]" started-at="2025-12-24T20:32:50 IST" name="setup" finished-at="2025-12-24T20:32:51 IST" duration-ms="1510" status="PASS">
          <reporter-output>
          </reporter-output>
        </test-method> <!-- setup -->
        <test-method signature="test(java.lang.String,java.lang.String,java.lang.String,java.lang.String,java.lang.String,java.lang.String,java.lang.String,java.lang.String,java.lang.String)[pri:1, instance:mkAppt.dateAndTimeSlotSelection@272113c4]" started-at="2025-12-24T20:32:51 IST" name="test" data-provider="makeAppointmentData" finished-at="2025-12-24T20:33:03 IST" duration-ms="11989" status="PASS">
          <params>
            <param index="0">
              <value>
                <![CDATA[provider three]]>
              </value>
            </param>
            <param index="1">
              <value>
                <![CDATA[DC]]>
              </value>
            </param>
            <param index="2">
              <value>
                <![CDATA[Bl]]>
              </value>
            </param>
            <param index="3">
              <value>
                <![CDATA[Charlotte]]>
              </value>
            </param>
            <param index="4">
              <value>
                <![CDATA[Martin]]>
              </value>
            </param>
            <param index="5">
              <value>
                <![CDATA["11112000"]]>
              </value>
            </param>
            <param index="6">
              <value>
                <![CDATA[Female]]>
              </value>
            </param>
            <param index="7">
              <value>
                <![CDATA["9876543210"]]>
              </value>
            </param>
            <param index="8">
              <value>
                <![CDATA[charlotte.martin@testmail.com]]>
              </value>
            </param>
          </params>
          <reporter-output>
          </reporter-output>
        </test-method> <!-- test -->
        <test-method is-config="true" signature="tearDown()[pri:0, instance:mkAppt.dateAndTimeSlotSelection@272113c4]" started-at="2025-12-24T20:33:03 IST" name="tearDown" finished-at="2025-12-24T20:33:12 IST" duration-ms="9148" status="PASS">
          <reporter-output>
          </reporter-output>
        </test-method> <!-- tearDown -->
        <test-method is-config="true" signature="setup()[pri:0, instance:mkAppt.dateAndTimeSlotSelection@272113c4]" started-at="2025-12-24T20:33:12 IST" name="setup" finished-at="2025-12-24T20:33:13 IST" duration-ms="777" status="PASS">
          <reporter-output>
          </reporter-output>
        </test-method> <!-- setup -->
        <test-method signature="test(java.lang.String,java.lang.String,java.lang.String,java.lang.String,java.lang.String,java.lang.String,java.lang.String,java.lang.String,java.lang.String)[pri:1, instance:mkAppt.dateAndTimeSlotSelection@272113c4]" started-at="2025-12-24T20:33:13 IST" name="test" data-provider="makeAppointmentData" finished-at="2025-12-24T20:33:26 IST" duration-ms="13143" status="PASS">
          <params>
            <param index="0">
              <value>
                <![CDATA[provider four]]>
              </value>
            </param>
            <param index="1">
              <value>
                <![CDATA[DC]]>
              </value>
            </param>
            <param index="2">
              <value>
                <![CDATA[Bl]]>
              </value>
            </param>
            <param index="3">
              <value>
                <![CDATA[James]]>
              </value>
            </param>
            <param index="4">
              <value>
                <![CDATA[Thompson]]>
              </value>
            </param>
            <param index="5">
              <value>
                <![CDATA["11112000"]]>
              </value>
            </param>
            <param index="6">
              <value>
                <![CDATA[Male]]>
              </value>
            </param>
            <param index="7">
              <value>
                <![CDATA["9876543210"]]>
              </value>
            </param>
            <param index="8">
              <value>
                <![CDATA[james.thompson@testmail.com]]>
              </value>
            </param>
          </params>
          <reporter-output>
          </reporter-output>
        </test-method> <!-- test -->
        <test-method is-config="true" signature="tearDown()[pri:0, instance:mkAppt.dateAndTimeSlotSelection@272113c4]" started-at="2025-12-24T20:33:26 IST" name="tearDown" finished-at="2025-12-24T20:33:36 IST" duration-ms="9395" status="PASS">
          <reporter-output>
          </reporter-output>
        </test-method> <!-- tearDown -->
        <test-method is-config="true" signature="setup()[pri:0, instance:mkAppt.dateAndTimeSlotSelection@272113c4]" started-at="2025-12-24T20:33:36 IST" name="setup" finished-at="2025-12-24T20:33:37 IST" duration-ms="865" status="PASS">
          <reporter-output>
          </reporter-output>
        </test-method> <!-- setup -->
        <test-method signature="test(java.lang.String,java.lang.String,java.lang.String,java.lang.String,java.lang.String,java.lang.String,java.lang.String,java.lang.String,java.lang.String)[pri:1, instance:mkAppt.dateAndTimeSlotSelection@272113c4]" started-at="2025-12-24T20:33:37 IST" name="test" data-provider="makeAppointmentData" finished-at="2025-12-24T20:33:49 IST" duration-ms="12802" status="PASS">
          <params>
            <param index="0">
              <value>
                <![CDATA[provider four]]>
              </value>
            </param>
            <param index="1">
              <value>
                <![CDATA[DC]]>
              </value>
            </param>
            <param index="2">
              <value>
                <![CDATA[Bl]]>
              </value>
            </param>
            <param index="3">
              <value>
                <![CDATA[Amelia]]>
              </value>
            </param>
            <param index="4">
              <value>
                <![CDATA[Garcia]]>
              </value>
            </param>
            <param index="5">
              <value>
                <![CDATA["11112000"]]>
              </value>
            </param>
            <param index="6">
              <value>
                <![CDATA[Female]]>
              </value>
            </param>
            <param index="7">
              <value>
                <![CDATA["9876543210"]]>
              </value>
            </param>
            <param index="8">
              <value>
                <![CDATA[amelia.garcia@testmail.com]]>
              </value>
            </param>
          </params>
          <reporter-output>
          </reporter-output>
        </test-method> <!-- test -->
        <test-method is-config="true" signature="tearDown()[pri:0, instance:mkAppt.dateAndTimeSlotSelection@272113c4]" started-at="2025-12-24T20:33:49 IST" name="tearDown" finished-at="2025-12-24T20:33:56 IST" duration-ms="7027" status="PASS">
          <reporter-output>
          </reporter-output>
        </test-method> <!-- tearDown -->
        <test-method is-config="true" signature="setup()[pri:0, instance:mkAppt.dateAndTimeSlotSelection@272113c4]" started-at="2025-12-24T20:33:56 IST" name="setup" finished-at="2025-12-24T20:33:58 IST" duration-ms="1502" status="PASS">
          <reporter-output>
          </reporter-output>
        </test-method> <!-- setup -->
        <test-method signature="test(java.lang.String,java.lang.String,java.lang.String,java.lang.String,java.lang.String,java.lang.String,java.lang.String,java.lang.String,java.lang.String)[pri:1, instance:mkAppt.dateAndTimeSlotSelection@272113c4]" started-at="2025-12-24T20:33:58 IST" name="test" data-provider="makeAppointmentData" finished-at="2025-12-24T20:34:10 IST" duration-ms="11988" status="PASS">
          <params>
            <param index="0">
              <value>
                <![CDATA[provider four]]>
              </value>
            </param>
            <param index="1">
              <value>
                <![CDATA[DC]]>
              </value>
            </param>
            <param index="2">
              <value>
                <![CDATA[Bl]]>
              </value>
            </param>
            <param index="3">
              <value>
                <![CDATA[Benjamin]]>
              </value>
            </param>
            <param index="4">
              <value>
                <![CDATA[Martinez]]>
              </value>
            </param>
            <param index="5">
              <value>
                <![CDATA["11112000"]]>
              </value>
            </param>
            <param index="6">
              <value>
                <![CDATA[Male]]>
              </value>
            </param>
            <param index="7">
              <value>
                <![CDATA["9876543210"]]>
              </value>
            </param>
            <param index="8">
              <value>
                <![CDATA[benjamin.martinez@testmail.com]]>
              </value>
            </param>
          </params>
          <reporter-output>
          </reporter-output>
        </test-method> <!-- test -->
        <test-method is-config="true" signature="tearDown()[pri:0, instance:mkAppt.dateAndTimeSlotSelection@272113c4]" started-at="2025-12-24T20:34:10 IST" name="tearDown" finished-at="2025-12-24T20:34:10 IST" duration-ms="452" status="PASS">
          <reporter-output>
          </reporter-output>
        </test-method> <!-- tearDown -->
        <test-method is-config="true" signature="setup()[pri:0, instance:mkAppt.dateAndTimeSlotSelection@272113c4]" started-at="2025-12-24T20:34:10 IST" name="setup" finished-at="2025-12-24T20:34:12 IST" duration-ms="1616" status="PASS">
          <reporter-output>
          </reporter-output>
        </test-method> <!-- setup -->
        <test-method signature="test(java.lang.String,java.lang.String,java.lang.String,java.lang.String,java.lang.String,java.lang.String,java.lang.String,java.lang.String,java.lang.String)[pri:1, instance:mkAppt.dateAndTimeSlotSelection@272113c4]" started-at="2025-12-24T20:34:12 IST" name="test" data-provider="makeAppointmentData" finished-at="2025-12-24T20:34:24 IST" duration-ms="11961" status="PASS">
          <params>
            <param index="0">
              <value>
                <![CDATA[provider four]]>
              </value>
            </param>
            <param index="1">
              <value>
                <![CDATA[DC]]>
              </value>
            </param>
            <param index="2">
              <value>
                <![CDATA[Bl]]>
              </value>
            </param>
            <param index="3">
              <value>
                <![CDATA[Harper]]>
              </value>
            </param>
            <param index="4">
              <value>
                <![CDATA[Robinson]]>
              </value>
            </param>
            <param index="5">
              <value>
                <![CDATA["11112000"]]>
              </value>
            </param>
            <param index="6">
              <value>
                <![CDATA[Female]]>
              </value>
            </param>
            <param index="7">
              <value>
                <![CDATA["9876543210"]]>
              </value>
            </param>
            <param index="8">
              <value>
                <![CDATA[harper.robinson@testmail.com]]>
              </value>
            </param>
          </params>
          <reporter-output>
          </reporter-output>
        </test-method> <!-- test -->
        <test-method is-config="true" signature="tearDown()[pri:0, instance:mkAppt.dateAndTimeSlotSelection@272113c4]" started-at="2025-12-24T20:34:24 IST" name="tearDown" finished-at="2025-12-24T20:34:29 IST" duration-ms="4874" status="PASS">
          <reporter-output>
          </reporter-output>
        </test-method> <!-- tearDown -->
        <test-method is-config="true" signature="setup()[pri:0, instance:mkAppt.dateAndTimeSlotSelection@272113c4]" started-at="2025-12-24T20:34:29 IST" name="setup" finished-at="2025-12-24T20:34:30 IST" duration-ms="1613" status="PASS">
          <reporter-output>
          </reporter-output>
        </test-method> <!-- setup -->
        <test-method signature="test(java.lang.String,java.lang.String,java.lang.String,java.lang.String,java.lang.String,java.lang.String,java.lang.String,java.lang.String,java.lang.String)[pri:1, instance:mkAppt.dateAndTimeSlotSelection@272113c4]" started-at="2025-12-24T20:34:30 IST" name="test" data-provider="makeAppointmentData" finished-at="2025-12-24T20:34:42 IST" duration-ms="11973" status="PASS">
          <params>
            <param index="0">
              <value>
                <![CDATA[provider four]]>
              </value>
            </param>
            <param index="1">
              <value>
                <![CDATA[DC]]>
              </value>
            </param>
            <param index="2">
              <value>
                <![CDATA[Bl]]>
              </value>
            </param>
            <param index="3">
              <value>
                <![CDATA[Lucas]]>
              </value>
            </param>
            <param index="4">
              <value>
                <![CDATA[Clark]]>
              </value>
            </param>
            <param index="5">
              <value>
                <![CDATA["11112000"]]>
              </value>
            </param>
            <param index="6">
              <value>
                <![CDATA[Male]]>
              </value>
            </param>
            <param index="7">
              <value>
                <![CDATA["9876543210"]]>
              </value>
            </param>
            <param index="8">
              <value>
                <![CDATA[lucas.clark@testmail.com]]>
              </value>
            </param>
          </params>
          <reporter-output>
          </reporter-output>
        </test-method> <!-- test -->
        <test-method is-config="true" signature="tearDown()[pri:0, instance:mkAppt.dateAndTimeSlotSelection@272113c4]" started-at="2025-12-24T20:34:42 IST" name="tearDown" finished-at="2025-12-24T20:34:48 IST" duration-ms="5303" status="PASS">
          <reporter-output>
          </reporter-output>
        </test-method> <!-- tearDown -->
        <test-method is-config="true" signature="setup()[pri:0, instance:mkAppt.dateAndTimeSlotSelection@272113c4]" started-at="2025-12-24T20:34:48 IST" name="setup" finished-at="2025-12-24T20:34:49 IST" duration-ms="1521" status="PASS">
          <reporter-output>
          </reporter-output>
        </test-method> <!-- setup -->
        <test-method signature="test(java.lang.String,java.lang.String,java.lang.String,java.lang.String,java.lang.String,java.lang.String,java.lang.String,java.lang.String,java.lang.String)[pri:1, instance:mkAppt.dateAndTimeSlotSelection@272113c4]" started-at="2025-12-24T20:34:49 IST" name="test" data-provider="makeAppointmentData" finished-at="2025-12-24T20:35:01 IST" duration-ms="12145" status="PASS">
          <params>
            <param index="0">
              <value>
                <![CDATA[provider four]]>
              </value>
            </param>
            <param index="1">
              <value>
                <![CDATA[DC]]>
              </value>
            </param>
            <param index="2">
              <value>
                <![CDATA[Bl]]>
              </value>
            </param>
            <param index="3">
              <value>
                <![CDATA[Evelyn]]>
              </value>
            </param>
            <param index="4">
              <value>
                <![CDATA[Rodriguez]]>
              </value>
            </param>
            <param index="5">
              <value>
                <![CDATA["11112000"]]>
              </value>
            </param>
            <param index="6">
              <value>
                <![CDATA[Female]]>
              </value>
            </param>
            <param index="7">
              <value>
                <![CDATA["9876543210"]]>
              </value>
            </param>
            <param index="8">
              <value>
                <![CDATA[evelyn.rodriguez@testmail.com]]>
              </value>
            </param>
          </params>
          <reporter-output>
          </reporter-output>
        </test-method> <!-- test -->
        <test-method is-config="true" signature="tearDown()[pri:0, instance:mkAppt.dateAndTimeSlotSelection@272113c4]" started-at="2025-12-24T20:35:01 IST" name="tearDown" finished-at="2025-12-24T20:35:02 IST" duration-ms="392" status="PASS">
          <reporter-output>
          </reporter-output>
        </test-method> <!-- tearDown -->
        <test-method is-config="true" signature="setup()[pri:0, instance:mkAppt.dateAndTimeSlotSelection@272113c4]" started-at="2025-12-24T20:35:02 IST" name="setup" finished-at="2025-12-24T20:35:03 IST" duration-ms="1730" status="PASS">
          <reporter-output>
          </reporter-output>
        </test-method> <!-- setup -->
        <test-method signature="test(java.lang.String,java.lang.String,java.lang.String,java.lang.String,java.lang.String,java.lang.String,java.lang.String,java.lang.String,java.lang.String)[pri:1, instance:mkAppt.dateAndTimeSlotSelection@272113c4]" started-at="2025-12-24T20:35:03 IST" name="test" data-provider="makeAppointmentData" finished-at="2025-12-24T20:35:16 IST" duration-ms="12573" status="PASS">
          <params>
            <param index="0">
              <value>
                <![CDATA[provider one]]>
              </value>
            </param>
            <param index="1">
              <value>
                <![CDATA[RR]]>
              </value>
            </param>
            <param index="2">
              <value>
                <![CDATA[C]]>
              </value>
            </param>
            <param index="3">
              <value>
                <![CDATA[Aaron]]>
              </value>
            </param>
            <param index="4">
              <value>
                <![CDATA[Smith]]>
              </value>
            </param>
            <param index="5">
              <value>
                <![CDATA["11112000"]]>
              </value>
            </param>
            <param index="6">
              <value>
                <![CDATA[Male]]>
              </value>
            </param>
            <param index="7">
              <value>
                <![CDATA["9876543210"]]>
              </value>
            </param>
            <param index="8">
              <value>
                <![CDATA[aaron.smith@testmail.com]]>
              </value>
            </param>
          </params>
          <reporter-output>
          </reporter-output>
        </test-method> <!-- test -->
        <test-method is-config="true" signature="tearDown()[pri:0, instance:mkAppt.dateAndTimeSlotSelection@272113c4]" started-at="2025-12-24T20:35:16 IST" name="tearDown" finished-at="2025-12-24T20:35:18 IST" duration-ms="2068" status="PASS">
          <reporter-output>
          </reporter-output>
        </test-method> <!-- tearDown -->
        <test-method is-config="true" signature="setup()[pri:0, instance:mkAppt.dateAndTimeSlotSelection@272113c4]" started-at="2025-12-24T20:35:18 IST" name="setup" finished-at="2025-12-24T20:35:20 IST" duration-ms="1561" status="PASS">
          <reporter-output>
          </reporter-output>
        </test-method> <!-- setup -->
        <test-method signature="test(java.lang.String,java.lang.String,java.lang.String,java.lang.String,java.lang.String,java.lang.String,java.lang.String,java.lang.String,java.lang.String)[pri:1, instance:mkAppt.dateAndTimeSlotSelection@272113c4]" started-at="2025-12-24T20:35:20 IST" name="test" data-provider="makeAppointmentData" finished-at="2025-12-24T20:35:33 IST" duration-ms="13219" status="PASS">
          <params>
            <param index="0">
              <value>
                <![CDATA[provider one]]>
              </value>
            </param>
            <param index="1">
              <value>
                <![CDATA[RR]]>
              </value>
            </param>
            <param index="2">
              <value>
                <![CDATA[C]]>
              </value>
            </param>
            <param index="3">
              <value>
                <![CDATA[Emily]]>
              </value>
            </param>
            <param index="4">
              <value>
                <![CDATA[Johnson]]>
              </value>
            </param>
            <param index="5">
              <value>
                <![CDATA["11112000"]]>
              </value>
            </param>
            <param index="6">
              <value>
                <![CDATA[Female]]>
              </value>
            </param>
            <param index="7">
              <value>
                <![CDATA["9876543210"]]>
              </value>
            </param>
            <param index="8">
              <value>
                <![CDATA[emily.johnson@testmail.com]]>
              </value>
            </param>
          </params>
          <reporter-output>
          </reporter-output>
        </test-method> <!-- test -->
        <test-method is-config="true" signature="tearDown()[pri:0, instance:mkAppt.dateAndTimeSlotSelection@272113c4]" started-at="2025-12-24T20:35:33 IST" name="tearDown" finished-at="2025-12-24T20:35:36 IST" duration-ms="3217" status="PASS">
          <reporter-output>
          </reporter-output>
        </test-method> <!-- tearDown -->
        <test-method is-config="true" signature="setup()[pri:0, instance:mkAppt.dateAndTimeSlotSelection@272113c4]" started-at="2025-12-24T20:35:36 IST" name="setup" finished-at="2025-12-24T20:35:38 IST" duration-ms="1677" status="PASS">
          <reporter-output>
          </reporter-output>
        </test-method> <!-- setup -->
        <test-method signature="test(java.lang.String,java.lang.String,java.lang.String,java.lang.String,java.lang.String,java.lang.String,java.lang.String,java.lang.String,java.lang.String)[pri:1, instance:mkAppt.dateAndTimeSlotSelection@272113c4]" started-at="2025-12-24T20:35:38 IST" name="test" data-provider="makeAppointmentData" finished-at="2025-12-24T20:35:51 IST" duration-ms="13265" status="PASS">
          <params>
            <param index="0">
              <value>
                <![CDATA[provider one]]>
              </value>
            </param>
            <param index="1">
              <value>
                <![CDATA[RR]]>
              </value>
            </param>
            <param index="2">
              <value>
                <![CDATA[C]]>
              </value>
            </param>
            <param index="3">
              <value>
                <![CDATA[Daniel]]>
              </value>
            </param>
            <param index="4">
              <value>
                <![CDATA[Brown]]>
              </value>
            </param>
            <param index="5">
              <value>
                <![CDATA["11112000"]]>
              </value>
            </param>
            <param index="6">
              <value>
                <![CDATA[Male]]>
              </value>
            </param>
            <param index="7">
              <value>
                <![CDATA["9876543210"]]>
              </value>
            </param>
            <param index="8">
              <value>
                <![CDATA[daniel.brown@testmail.com]]>
              </value>
            </param>
          </params>
          <reporter-output>
          </reporter-output>
        </test-method> <!-- test -->
        <test-method is-config="true" signature="tearDown()[pri:0, instance:mkAppt.dateAndTimeSlotSelection@272113c4]" started-at="2025-12-24T20:35:51 IST" name="tearDown" finished-at="2025-12-24T20:36:02 IST" duration-ms="11200" status="PASS">
          <reporter-output>
          </reporter-output>
        </test-method> <!-- tearDown -->
        <test-method is-config="true" signature="setup()[pri:0, instance:mkAppt.dateAndTimeSlotSelection@272113c4]" started-at="2025-12-24T20:36:02 IST" name="setup" finished-at="2025-12-24T20:36:04 IST" duration-ms="1610" status="PASS">
          <reporter-output>
          </reporter-output>
        </test-method> <!-- setup -->
        <test-method signature="test(java.lang.String,java.lang.String,java.lang.String,java.lang.String,java.lang.String,java.lang.String,java.lang.String,java.lang.String,java.lang.String)[pri:1, instance:mkAppt.dateAndTimeSlotSelection@272113c4]" started-at="2025-12-24T20:36:04 IST" name="test" data-provider="makeAppointmentData" finished-at="2025-12-24T20:36:17 IST" duration-ms="13135" status="PASS">
          <params>
            <param index="0">
              <value>
                <![CDATA[provider one]]>
              </value>
            </param>
            <param index="1">
              <value>
                <![CDATA[RR]]>
              </value>
            </param>
            <param index="2">
              <value>
                <![CDATA[C]]>
              </value>
            </param>
            <param index="3">
              <value>
                <![CDATA[Sophia]]>
              </value>
            </param>
            <param index="4">
              <value>
                <![CDATA[Davis]]>
              </value>
            </param>
            <param index="5">
              <value>
                <![CDATA["11112000"]]>
              </value>
            </param>
            <param index="6">
              <value>
                <![CDATA[Female]]>
              </value>
            </param>
            <param index="7">
              <value>
                <![CDATA["9876543210"]]>
              </value>
            </param>
            <param index="8">
              <value>
                <![CDATA[sophia.davis@testmail.com]]>
              </value>
            </param>
          </params>
          <reporter-output>
          </reporter-output>
        </test-method> <!-- test -->
        <test-method is-config="true" signature="tearDown()[pri:0, instance:mkAppt.dateAndTimeSlotSelection@272113c4]" started-at="2025-12-24T20:36:17 IST" name="tearDown" finished-at="2025-12-24T20:36:26 IST" duration-ms="9328" status="PASS">
          <reporter-output>
          </reporter-output>
        </test-method> <!-- tearDown -->
        <test-method is-config="true" signature="setup()[pri:0, instance:mkAppt.dateAndTimeSlotSelection@272113c4]" started-at="2025-12-24T20:36:26 IST" name="setup" finished-at="2025-12-24T20:36:28 IST" duration-ms="1642" status="PASS">
          <reporter-output>
          </reporter-output>
        </test-method> <!-- setup -->
        <test-method signature="test(java.lang.String,java.lang.String,java.lang.String,java.lang.String,java.lang.String,java.lang.String,java.lang.String,java.lang.String,java.lang.String)[pri:1, instance:mkAppt.dateAndTimeSlotSelection@272113c4]" started-at="2025-12-24T20:36:28 IST" name="test" data-provider="makeAppointmentData" finished-at="2025-12-24T20:36:39 IST" duration-ms="11474" status="PASS">
          <params>
            <param index="0">
              <value>
                <![CDATA[provider two]]>
              </value>
            </param>
            <param index="1">
              <value>
                <![CDATA[RR]]>
              </value>
            </param>
            <param index="2">
              <value>
                <![CDATA[e - nine]]>
              </value>
            </param>
            <param index="3">
              <value>
                <![CDATA[Liam]]>
              </value>
            </param>
            <param index="4">
              <value>
                <![CDATA[Miller]]>
              </value>
            </param>
            <param index="5">
              <value>
                <![CDATA["11112000"]]>
              </value>
            </param>
            <param index="6">
              <value>
                <![CDATA[Male]]>
              </value>
            </param>
            <param index="7">
              <value>
                <![CDATA["9876543210"]]>
              </value>
            </param>
            <param index="8">
              <value>
                <![CDATA[liam.miller@testmail.com]]>
              </value>
            </param>
          </params>
          <reporter-output>
          </reporter-output>
        </test-method> <!-- test -->
        <test-method is-config="true" signature="tearDown()[pri:0, instance:mkAppt.dateAndTimeSlotSelection@272113c4]" started-at="2025-12-24T20:36:39 IST" name="tearDown" finished-at="2025-12-24T20:36:46 IST" duration-ms="6822" status="PASS">
          <reporter-output>
          </reporter-output>
        </test-method> <!-- tearDown -->
        <test-method is-config="true" signature="setup()[pri:0, instance:mkAppt.dateAndTimeSlotSelection@272113c4]" started-at="2025-12-24T20:36:46 IST" name="setup" finished-at="2025-12-24T20:36:48 IST" duration-ms="1558" status="PASS">
          <reporter-output>
          </reporter-output>
        </test-method> <!-- setup -->
        <test-method signature="test(java.lang.String,java.lang.String,java.lang.String,java.lang.String,java.lang.String,java.lang.String,java.lang.String,java.lang.String,java.lang.String)[pri:1, instance:mkAppt.dateAndTimeSlotSelection@272113c4]" started-at="2025-12-24T20:36:48 IST" name="test" data-provider="makeAppointmentData" finished-at="2025-12-24T20:36:59 IST" duration-ms="11488" status="PASS">
          <params>
            <param index="0">
              <value>
                <![CDATA[provider two]]>
              </value>
            </param>
            <param index="1">
              <value>
                <![CDATA[DC]]>
              </value>
            </param>
            <param index="2">
              <value>
                <![CDATA[e - nine]]>
              </value>
            </param>
            <param index="3">
              <value>
                <![CDATA[Olivia]]>
              </value>
            </param>
            <param index="4">
              <value>
                <![CDATA[Wilson]]>
              </value>
            </param>
            <param index="5">
              <value>
                <![CDATA["11112000"]]>
              </value>
            </param>
            <param index="6">
              <value>
                <![CDATA[Female]]>
              </value>
            </param>
            <param index="7">
              <value>
                <![CDATA["9876543210"]]>
              </value>
            </param>
            <param index="8">
              <value>
                <![CDATA[olivia.wilson@testmail.com]]>
              </value>
            </param>
          </params>
          <reporter-output>
          </reporter-output>
        </test-method> <!-- test -->
        <test-method is-config="true" signature="tearDown()[pri:0, instance:mkAppt.dateAndTimeSlotSelection@272113c4]" started-at="2025-12-24T20:36:59 IST" name="tearDown" finished-at="2025-12-24T20:37:01 IST" duration-ms="2029" status="PASS">
          <reporter-output>
          </reporter-output>
        </test-method> <!-- tearDown -->
        <test-method is-config="true" signature="setup()[pri:0, instance:mkAppt.dateAndTimeSlotSelection@272113c4]" started-at="2025-12-24T20:37:01 IST" name="setup" finished-at="2025-12-24T20:37:03 IST" duration-ms="1573" status="PASS">
          <reporter-output>
          </reporter-output>
        </test-method> <!-- setup -->
        <test-method signature="test(java.lang.String,java.lang.String,java.lang.String,java.lang.String,java.lang.String,java.lang.String,java.lang.String,java.lang.String,java.lang.String)[pri:1, instance:mkAppt.dateAndTimeSlotSelection@272113c4]" started-at="2025-12-24T20:37:03 IST" name="test" data-provider="makeAppointmentData" finished-at="2025-12-24T20:37:14 IST" duration-ms="11453" status="PASS">
          <params>
            <param index="0">
              <value>
                <![CDATA[provider two]]>
              </value>
            </param>
            <param index="1">
              <value>
                <![CDATA[RR]]>
              </value>
            </param>
            <param index="2">
              <value>
                <![CDATA[e - nine]]>
              </value>
            </param>
            <param index="3">
              <value>
                <![CDATA[Ethan]]>
              </value>
            </param>
            <param index="4">
              <value>
                <![CDATA[Moore]]>
              </value>
            </param>
            <param index="5">
              <value>
                <![CDATA["11112000"]]>
              </value>
            </param>
            <param index="6">
              <value>
                <![CDATA[Male]]>
              </value>
            </param>
            <param index="7">
              <value>
                <![CDATA["9876543210"]]>
              </value>
            </param>
            <param index="8">
              <value>
                <![CDATA[ethan.moore@testmail.com]]>
              </value>
            </param>
          </params>
          <reporter-output>
          </reporter-output>
        </test-method> <!-- test -->
        <test-method is-config="true" signature="tearDown()[pri:0, instance:mkAppt.dateAndTimeSlotSelection@272113c4]" started-at="2025-12-24T20:37:14 IST" name="tearDown" finished-at="2025-12-24T20:37:18 IST" duration-ms="3834" status="PASS">
          <reporter-output>
          </reporter-output>
        </test-method> <!-- tearDown -->
        <test-method is-config="true" signature="setup()[pri:0, instance:mkAppt.dateAndTimeSlotSelection@272113c4]" started-at="2025-12-24T20:37:18 IST" name="setup" finished-at="2025-12-24T20:37:19 IST" duration-ms="786" status="PASS">
          <reporter-output>
          </reporter-output>
        </test-method> <!-- setup -->
        <test-method signature="test(java.lang.String,java.lang.String,java.lang.String,java.lang.String,java.lang.String,java.lang.String,java.lang.String,java.lang.String,java.lang.String)[pri:1, instance:mkAppt.dateAndTimeSlotSelection@272113c4]" started-at="2025-12-24T20:37:19 IST" name="test" data-provider="makeAppointmentData" finished-at="2025-12-24T20:37:31 IST" duration-ms="12259" status="PASS">
          <params>
            <param index="0">
              <value>
                <![CDATA[provider two]]>
              </value>
            </param>
            <param index="1">
              <value>
                <![CDATA[DC]]>
              </value>
            </param>
            <param index="2">
              <value>
                <![CDATA[e - nine]]>
              </value>
            </param>
            <param index="3">
              <value>
                <![CDATA[Ava]]>
              </value>
            </param>
            <param index="4">
              <value>
                <![CDATA[Taylor]]>
              </value>
            </param>
            <param index="5">
              <value>
                <![CDATA["11112000"]]>
              </value>
            </param>
            <param index="6">
              <value>
                <![CDATA[Female]]>
              </value>
            </param>
            <param index="7">
              <value>
                <![CDATA["9876543210"]]>
              </value>
            </param>
            <param index="8">
              <value>
                <![CDATA[ava.taylor@testmail.com]]>
              </value>
            </param>
          </params>
          <reporter-output>
          </reporter-output>
        </test-method> <!-- test -->
        <test-method is-config="true" signature="tearDown()[pri:0, instance:mkAppt.dateAndTimeSlotSelection@272113c4]" started-at="2025-12-24T20:37:31 IST" name="tearDown" finished-at="2025-12-24T20:37:32 IST" duration-ms="503" status="PASS">
          <reporter-output>
          </reporter-output>
        </test-method> <!-- tearDown -->
        <test-method is-config="true" signature="setup()[pri:0, instance:mkAppt.dateAndTimeSlotSelection@272113c4]" started-at="2025-12-24T20:37:32 IST" name="setup" finished-at="2025-12-24T20:37:33 IST" duration-ms="1742" status="PASS">
          <reporter-output>
          </reporter-output>
        </test-method> <!-- setup -->
        <test-method signature="test(java.lang.String,java.lang.String,java.lang.String,java.lang.String,java.lang.String,java.lang.String,java.lang.String,java.lang.String,java.lang.String)[pri:1, instance:mkAppt.dateAndTimeSlotSelection@272113c4]" started-at="2025-12-24T20:37:33 IST" name="test" data-provider="makeAppointmentData" finished-at="2025-12-24T20:37:45 IST" duration-ms="11464" status="PASS">
          <params>
            <param index="0">
              <value>
                <![CDATA[provider two]]>
              </value>
            </param>
            <param index="1">
              <value>
                <![CDATA[LA]]>
              </value>
            </param>
            <param index="2">
              <value>
                <![CDATA[e - nine]]>
              </value>
            </param>
            <param index="3">
              <value>
                <![CDATA[Jacob]]>
              </value>
            </param>
            <param index="4">
              <value>
                <![CDATA[Anderson]]>
              </value>
            </param>
            <param index="5">
              <value>
                <![CDATA["11112000"]]>
              </value>
            </param>
            <param index="6">
              <value>
                <![CDATA[Male]]>
              </value>
            </param>
            <param index="7">
              <value>
                <![CDATA["9876543210"]]>
              </value>
            </param>
            <param index="8">
              <value>
                <![CDATA[jacob.anderson@testmail.com]]>
              </value>
            </param>
          </params>
          <reporter-output>
          </reporter-output>
        </test-method> <!-- test -->
        <test-method is-config="true" signature="tearDown()[pri:0, instance:mkAppt.dateAndTimeSlotSelection@272113c4]" started-at="2025-12-24T20:37:45 IST" name="tearDown" finished-at="2025-12-24T20:37:47 IST" duration-ms="2006" status="PASS">
          <reporter-output>
          </reporter-output>
        </test-method> <!-- tearDown -->
        <test-method is-config="true" signature="setup()[pri:0, instance:mkAppt.dateAndTimeSlotSelection@272113c4]" started-at="2025-12-24T20:37:47 IST" name="setup" finished-at="2025-12-24T20:37:48 IST" duration-ms="1558" status="PASS">
          <reporter-output>
          </reporter-output>
        </test-method> <!-- setup -->
        <test-method signature="test(java.lang.String,java.lang.String,java.lang.String,java.lang.String,java.lang.String,java.lang.String,java.lang.String,java.lang.String,java.lang.String)[pri:1, instance:mkAppt.dateAndTimeSlotSelection@272113c4]" started-at="2025-12-24T20:37:48 IST" name="test" data-provider="makeAppointmentData" finished-at="2025-12-24T20:38:00 IST" duration-ms="11340" status="PASS">
          <params>
            <param index="0">
              <value>
                <![CDATA[provider three]]>
              </value>
            </param>
            <param index="1">
              <value>
                <![CDATA[DC]]>
              </value>
            </param>
            <param index="2">
              <value>
                <![CDATA[A]]>
              </value>
            </param>
            <param index="3">
              <value>
                <![CDATA[Mia]]>
              </value>
            </param>
            <param index="4">
              <value>
                <![CDATA[Thomas]]>
              </value>
            </param>
            <param index="5">
              <value>
                <![CDATA["11112000"]]>
              </value>
            </param>
            <param index="6">
              <value>
                <![CDATA[Female]]>
              </value>
            </param>
            <param index="7">
              <value>
                <![CDATA["9876543210"]]>
              </value>
            </param>
            <param index="8">
              <value>
                <![CDATA[mia.thomas@testmail.com]]>
              </value>
            </param>
          </params>
          <reporter-output>
          </reporter-output>
        </test-method> <!-- test -->
        <test-method is-config="true" signature="tearDown()[pri:0, instance:mkAppt.dateAndTimeSlotSelection@272113c4]" started-at="2025-12-24T20:38:00 IST" name="tearDown" finished-at="2025-12-24T20:38:04 IST" duration-ms="4262" status="PASS">
          <reporter-output>
          </reporter-output>
        </test-method> <!-- tearDown -->
        <test-method is-config="true" signature="setup()[pri:0, instance:mkAppt.dateAndTimeSlotSelection@272113c4]" started-at="2025-12-24T20:38:04 IST" name="setup" finished-at="2025-12-24T20:38:06 IST" duration-ms="1484" status="PASS">
          <reporter-output>
          </reporter-output>
        </test-method> <!-- setup -->
        <test-method signature="test(java.lang.String,java.lang.String,java.lang.String,java.lang.String,java.lang.String,java.lang.String,java.lang.String,java.lang.String,java.lang.String)[pri:1, instance:mkAppt.dateAndTimeSlotSelection@272113c4]" started-at="2025-12-24T20:38:06 IST" name="test" data-provider="makeAppointmentData" finished-at="2025-12-24T20:38:17 IST" duration-ms="11578" status="PASS">
          <params>
            <param index="0">
              <value>
                <![CDATA[provider three]]>
              </value>
            </param>
            <param index="1">
              <value>
                <![CDATA[DC]]>
              </value>
            </param>
            <param index="2">
              <value>
                <![CDATA[A]]>
              </value>
            </param>
            <param index="3">
              <value>
                <![CDATA[Michael]]>
              </value>
            </param>
            <param index="4">
              <value>
                <![CDATA[Jackson]]>
              </value>
            </param>
            <param index="5">
              <value>
                <![CDATA["11112000"]]>
              </value>
            </param>
            <param index="6">
              <value>
                <![CDATA[Male]]>
              </value>
            </param>
            <param index="7">
              <value>
                <![CDATA["9876543210"]]>
              </value>
            </param>
            <param index="8">
              <value>
                <![CDATA[michael.jackson@testmail.com]]>
              </value>
            </param>
          </params>
          <reporter-output>
          </reporter-output>
        </test-method> <!-- test -->
        <test-method is-config="true" signature="tearDown()[pri:0, instance:mkAppt.dateAndTimeSlotSelection@272113c4]" started-at="2025-12-24T20:38:17 IST" name="tearDown" finished-at="2025-12-24T20:38:18 IST" duration-ms="466" status="PASS">
          <reporter-output>
          </reporter-output>
        </test-method> <!-- tearDown -->
        <test-method is-config="true" signature="setup()[pri:0, instance:mkAppt.dateAndTimeSlotSelection@272113c4]" started-at="2025-12-24T20:38:18 IST" name="setup" finished-at="2025-12-24T20:38:19 IST" duration-ms="1571" status="PASS">
          <reporter-output>
          </reporter-output>
        </test-method> <!-- setup -->
        <test-method signature="test(java.lang.String,java.lang.String,java.lang.String,java.lang.String,java.lang.String,java.lang.String,java.lang.String,java.lang.String,java.lang.String)[pri:1, instance:mkAppt.dateAndTimeSlotSelection@272113c4]" started-at="2025-12-24T20:38:19 IST" name="test" data-provider="makeAppointmentData" finished-at="2025-12-24T20:38:31 IST" duration-ms="11415" status="PASS">
          <params>
            <param index="0">
              <value>
                <![CDATA[provider three]]>
              </value>
            </param>
            <param index="1">
              <value>
                <![CDATA[DC]]>
              </value>
            </param>
            <param index="2">
              <value>
                <![CDATA[A]]>
              </value>
            </param>
            <param index="3">
              <value>
                <![CDATA[Isabella]]>
              </value>
            </param>
            <param index="4">
              <value>
                <![CDATA[White]]>
              </value>
            </param>
            <param index="5">
              <value>
                <![CDATA["11112000"]]>
              </value>
            </param>
            <param index="6">
              <value>
                <![CDATA[Female]]>
              </value>
            </param>
            <param index="7">
              <value>
                <![CDATA["9876543210"]]>
              </value>
            </param>
            <param index="8">
              <value>
                <![CDATA[isabella.white@testmail.com]]>
              </value>
            </param>
          </params>
          <reporter-output>
          </reporter-output>
        </test-method> <!-- test -->
        <test-method is-config="true" signature="tearDown()[pri:0, instance:mkAppt.dateAndTimeSlotSelection@272113c4]" started-at="2025-12-24T20:38:31 IST" name="tearDown" finished-at="2025-12-24T20:38:36 IST" duration-ms="5529" status="PASS">
          <reporter-output>
          </reporter-output>
        </test-method> <!-- tearDown -->
        <test-method is-config="true" signature="setup()[pri:0, instance:mkAppt.dateAndTimeSlotSelection@272113c4]" started-at="2025-12-24T20:38:36 IST" name="setup" finished-at="2025-12-24T20:38:37 IST" duration-ms="772" status="PASS">
          <reporter-output>
          </reporter-output>
        </test-method> <!-- setup -->
        <test-method signature="test(java.lang.String,java.lang.String,java.lang.String,java.lang.String,java.lang.String,java.lang.String,java.lang.String,java.lang.String,java.lang.String)[pri:1, instance:mkAppt.dateAndTimeSlotSelection@272113c4]" started-at="2025-12-24T20:38:37 IST" name="test" data-provider="makeAppointmentData" finished-at="2025-12-24T20:38:49 IST" duration-ms="12265" status="PASS">
          <params>
            <param index="0">
              <value>
                <![CDATA[provider three]]>
              </value>
            </param>
            <param index="1">
              <value>
                <![CDATA[DC]]>
              </value>
            </param>
            <param index="2">
              <value>
                <![CDATA[A]]>
              </value>
            </param>
            <param index="3">
              <value>
                <![CDATA[William]]>
              </value>
            </param>
            <param index="4">
              <value>
                <![CDATA[Harris]]>
              </value>
            </param>
            <param index="5">
              <value>
                <![CDATA["11112000"]]>
              </value>
            </param>
            <param index="6">
              <value>
                <![CDATA[Male]]>
              </value>
            </param>
            <param index="7">
              <value>
                <![CDATA["9876543210"]]>
              </value>
            </param>
            <param index="8">
              <value>
                <![CDATA[william.harris@testmail.com]]>
              </value>
            </param>
          </params>
          <reporter-output>
          </reporter-output>
        </test-method> <!-- test -->
        <test-method is-config="true" signature="tearDown()[pri:0, instance:mkAppt.dateAndTimeSlotSelection@272113c4]" started-at="2025-12-24T20:38:49 IST" name="tearDown" finished-at="2025-12-24T20:38:50 IST" duration-ms="382" status="PASS">
          <reporter-output>
          </reporter-output>
        </test-method> <!-- tearDown -->
        <test-method is-config="true" signature="setup()[pri:0, instance:mkAppt.dateAndTimeSlotSelection@272113c4]" started-at="2025-12-24T20:38:50 IST" name="setup" finished-at="2025-12-24T20:38:51 IST" duration-ms="1627" status="PASS">
          <reporter-output>
          </reporter-output>
        </test-method> <!-- setup -->
        <test-method signature="test(java.lang.String,java.lang.String,java.lang.String,java.lang.String,java.lang.String,java.lang.String,java.lang.String,java.lang.String,java.lang.String)[pri:1, instance:mkAppt.dateAndTimeSlotSelection@272113c4]" started-at="2025-12-24T20:38:51 IST" name="test" data-provider="makeAppointmentData" finished-at="2025-12-24T20:39:04 IST" duration-ms="12581" status="PASS">
          <params>
            <param index="0">
              <value>
                <![CDATA[provider three]]>
              </value>
            </param>
            <param index="1">
              <value>
                <![CDATA[DC]]>
              </value>
            </param>
            <param index="2">
              <value>
                <![CDATA[Bl]]>
              </value>
            </param>
            <param index="3">
              <value>
                <![CDATA[Charlotte]]>
              </value>
            </param>
            <param index="4">
              <value>
                <![CDATA[Martin]]>
              </value>
            </param>
            <param index="5">
              <value>
                <![CDATA["11112000"]]>
              </value>
            </param>
            <param index="6">
              <value>
                <![CDATA[Female]]>
              </value>
            </param>
            <param index="7">
              <value>
                <![CDATA["9876543210"]]>
              </value>
            </param>
            <param index="8">
              <value>
                <![CDATA[charlotte.martin@testmail.com]]>
              </value>
            </param>
          </params>
          <reporter-output>
          </reporter-output>
        </test-method> <!-- test -->
        <test-method is-config="true" signature="tearDown()[pri:0, instance:mkAppt.dateAndTimeSlotSelection@272113c4]" started-at="2025-12-24T20:39:04 IST" name="tearDown" finished-at="2025-12-24T20:39:22 IST" duration-ms="17887" status="PASS">
          <reporter-output>
          </reporter-output>
        </test-method> <!-- tearDown -->
        <test-method is-config="true" signature="setup()[pri:0, instance:mkAppt.dateAndTimeSlotSelection@272113c4]" started-at="2025-12-24T20:39:22 IST" name="setup" finished-at="2025-12-24T20:39:23 IST" duration-ms="1592" status="PASS">
          <reporter-output>
          </reporter-output>
        </test-method> <!-- setup -->
        <test-method signature="test(java.lang.String,java.lang.String,java.lang.String,java.lang.String,java.lang.String,java.lang.String,java.lang.String,java.lang.String,java.lang.String)[pri:1, instance:mkAppt.dateAndTimeSlotSelection@272113c4]" started-at="2025-12-24T20:39:23 IST" name="test" data-provider="makeAppointmentData" finished-at="2025-12-24T20:39:36 IST" duration-ms="12585" status="PASS">
          <params>
            <param index="0">
              <value>
                <![CDATA[provider four]]>
              </value>
            </param>
            <param index="1">
              <value>
                <![CDATA[DC]]>
              </value>
            </param>
            <param index="2">
              <value>
                <![CDATA[Bl]]>
              </value>
            </param>
            <param index="3">
              <value>
                <![CDATA[James]]>
              </value>
            </param>
            <param index="4">
              <value>
                <![CDATA[Thompson]]>
              </value>
            </param>
            <param index="5">
              <value>
                <![CDATA["11112000"]]>
              </value>
            </param>
            <param index="6">
              <value>
                <![CDATA[Male]]>
              </value>
            </param>
            <param index="7">
              <value>
                <![CDATA["9876543210"]]>
              </value>
            </param>
            <param index="8">
              <value>
                <![CDATA[james.thompson@testmail.com]]>
              </value>
            </param>
          </params>
          <reporter-output>
          </reporter-output>
        </test-method> <!-- test -->
        <test-method is-config="true" signature="tearDown()[pri:0, instance:mkAppt.dateAndTimeSlotSelection@272113c4]" started-at="2025-12-24T20:39:36 IST" name="tearDown" finished-at="2025-12-24T20:39:38 IST" duration-ms="1966" status="PASS">
          <reporter-output>
          </reporter-output>
        </test-method> <!-- tearDown -->
        <test-method is-config="true" signature="setup()[pri:0, instance:mkAppt.dateAndTimeSlotSelection@272113c4]" started-at="2025-12-24T20:39:38 IST" name="setup" finished-at="2025-12-24T20:39:39 IST" duration-ms="1479" status="PASS">
          <reporter-output>
          </reporter-output>
        </test-method> <!-- setup -->
        <test-method signature="test(java.lang.String,java.lang.String,java.lang.String,java.lang.String,java.lang.String,java.lang.String,java.lang.String,java.lang.String,java.lang.String)[pri:1, instance:mkAppt.dateAndTimeSlotSelection@272113c4]" started-at="2025-12-24T20:39:39 IST" name="test" data-provider="makeAppointmentData" finished-at="2025-12-24T20:39:52 IST" duration-ms="12487" status="PASS">
          <params>
            <param index="0">
              <value>
                <![CDATA[provider four]]>
              </value>
            </param>
            <param index="1">
              <value>
                <![CDATA[DC]]>
              </value>
            </param>
            <param index="2">
              <value>
                <![CDATA[Bl]]>
              </value>
            </param>
            <param index="3">
              <value>
                <![CDATA[Amelia]]>
              </value>
            </param>
            <param index="4">
              <value>
                <![CDATA[Garcia]]>
              </value>
            </param>
            <param index="5">
              <value>
                <![CDATA["11112000"]]>
              </value>
            </param>
            <param index="6">
              <value>
                <![CDATA[Female]]>
              </value>
            </param>
            <param index="7">
              <value>
                <![CDATA["9876543210"]]>
              </value>
            </param>
            <param index="8">
              <value>
                <![CDATA[amelia.garcia@testmail.com]]>
              </value>
            </param>
          </params>
          <reporter-output>
          </reporter-output>
        </test-method> <!-- test -->
        <test-method is-config="true" signature="tearDown()[pri:0, instance:mkAppt.dateAndTimeSlotSelection@272113c4]" started-at="2025-12-24T20:39:52 IST" name="tearDown" finished-at="2025-12-24T20:40:01 IST" duration-ms="8865" status="PASS">
          <reporter-output>
          </reporter-output>
        </test-method> <!-- tearDown -->
        <test-method is-config="true" signature="setup()[pri:0, instance:mkAppt.dateAndTimeSlotSelection@272113c4]" started-at="2025-12-24T20:40:01 IST" name="setup" finished-at="2025-12-24T20:40:02 IST" duration-ms="1548" status="PASS">
          <reporter-output>
          </reporter-output>
        </test-method> <!-- setup -->
        <test-method signature="test(java.lang.String,java.lang.String,java.lang.String,java.lang.String,java.lang.String,java.lang.String,java.lang.String,java.lang.String,java.lang.String)[pri:1, instance:mkAppt.dateAndTimeSlotSelection@272113c4]" started-at="2025-12-24T20:40:02 IST" name="test" data-provider="makeAppointmentData" finished-at="2025-12-24T20:40:15 IST" duration-ms="12636" status="PASS">
          <params>
            <param index="0">
              <value>
                <![CDATA[provider four]]>
              </value>
            </param>
            <param index="1">
              <value>
                <![CDATA[DC]]>
              </value>
            </param>
            <param index="2">
              <value>
                <![CDATA[Bl]]>
              </value>
            </param>
            <param index="3">
              <value>
                <![CDATA[Benjamin]]>
              </value>
            </param>
            <param index="4">
              <value>
                <![CDATA[Martinez]]>
              </value>
            </param>
            <param index="5">
              <value>
                <![CDATA["11112000"]]>
              </value>
            </param>
            <param index="6">
              <value>
                <![CDATA[Male]]>
              </value>
            </param>
            <param index="7">
              <value>
                <![CDATA["9876543210"]]>
              </value>
            </param>
            <param index="8">
              <value>
                <![CDATA[benjamin.martinez@testmail.com]]>
              </value>
            </param>
          </params>
          <reporter-output>
          </reporter-output>
        </test-method> <!-- test -->
        <test-method is-config="true" signature="tearDown()[pri:0, instance:mkAppt.dateAndTimeSlotSelection@272113c4]" started-at="2025-12-24T20:40:15 IST" name="tearDown" finished-at="2025-12-24T20:40:25 IST" duration-ms="10166" status="PASS">
          <reporter-output>
          </reporter-output>
        </test-method> <!-- tearDown -->
        <test-method is-config="true" signature="setup()[pri:0, instance:mkAppt.dateAndTimeSlotSelection@272113c4]" started-at="2025-12-24T20:40:25 IST" name="setup" finished-at="2025-12-24T20:40:26 IST" duration-ms="802" status="PASS">
          <reporter-output>
          </reporter-output>
        </test-method> <!-- setup -->
        <test-method signature="test(java.lang.String,java.lang.String,java.lang.String,java.lang.String,java.lang.String,java.lang.String,java.lang.String,java.lang.String,java.lang.String)[pri:1, instance:mkAppt.dateAndTimeSlotSelection@272113c4]" started-at="2025-12-24T20:40:26 IST" name="test" data-provider="makeAppointmentData" finished-at="2025-12-24T20:40:39 IST" duration-ms="13333" status="PASS">
          <params>
            <param index="0">
              <value>
                <![CDATA[provider four]]>
              </value>
            </param>
            <param index="1">
              <value>
                <![CDATA[DC]]>
              </value>
            </param>
            <param index="2">
              <value>
                <![CDATA[Bl]]>
              </value>
            </param>
            <param index="3">
              <value>
                <![CDATA[Harper]]>
              </value>
            </param>
            <param index="4">
              <value>
                <![CDATA[Robinson]]>
              </value>
            </param>
            <param index="5">
              <value>
                <![CDATA["11112000"]]>
              </value>
            </param>
            <param index="6">
              <value>
                <![CDATA[Female]]>
              </value>
            </param>
            <param index="7">
              <value>
                <![CDATA["9876543210"]]>
              </value>
            </param>
            <param index="8">
              <value>
                <![CDATA[harper.robinson@testmail.com]]>
              </value>
            </param>
          </params>
          <reporter-output>
          </reporter-output>
        </test-method> <!-- test -->
        <test-method is-config="true" signature="tearDown()[pri:0, instance:mkAppt.dateAndTimeSlotSelection@272113c4]" started-at="2025-12-24T20:40:39 IST" name="tearDown" finished-at="2025-12-24T20:40:40 IST" duration-ms="422" status="PASS">
          <reporter-output>
          </reporter-output>
        </test-method> <!-- tearDown -->
        <test-method is-config="true" signature="setup()[pri:0, instance:mkAppt.dateAndTimeSlotSelection@272113c4]" started-at="2025-12-24T20:40:40 IST" name="setup" finished-at="2025-12-24T20:40:41 IST" duration-ms="1690" status="PASS">
          <reporter-output>
          </reporter-output>
        </test-method> <!-- setup -->
        <test-method signature="test(java.lang.String,java.lang.String,java.lang.String,java.lang.String,java.lang.String,java.lang.String,java.lang.String,java.lang.String,java.lang.String)[pri:1, instance:mkAppt.dateAndTimeSlotSelection@272113c4]" started-at="2025-12-24T20:40:41 IST" name="test" data-provider="makeAppointmentData" finished-at="2025-12-24T20:40:54 IST" duration-ms="12526" status="PASS">
          <params>
            <param index="0">
              <value>
                <![CDATA[provider four]]>
              </value>
            </param>
            <param index="1">
              <value>
                <![CDATA[DC]]>
              </value>
            </param>
            <param index="2">
              <value>
                <![CDATA[Bl]]>
              </value>
            </param>
            <param index="3">
              <value>
                <![CDATA[Lucas]]>
              </value>
            </param>
            <param index="4">
              <value>
                <![CDATA[Clark]]>
              </value>
            </param>
            <param index="5">
              <value>
                <![CDATA["11112000"]]>
              </value>
            </param>
            <param index="6">
              <value>
                <![CDATA[Male]]>
              </value>
            </param>
            <param index="7">
              <value>
                <![CDATA["9876543210"]]>
              </value>
            </param>
            <param index="8">
              <value>
                <![CDATA[lucas.clark@testmail.com]]>
              </value>
            </param>
          </params>
          <reporter-output>
          </reporter-output>
        </test-method> <!-- test -->
        <test-method is-config="true" signature="tearDown()[pri:0, instance:mkAppt.dateAndTimeSlotSelection@272113c4]" started-at="2025-12-24T20:40:54 IST" name="tearDown" finished-at="2025-12-24T20:41:00 IST" duration-ms="6646" status="PASS">
          <reporter-output>
          </reporter-output>
        </test-method> <!-- tearDown -->
        <test-method is-config="true" signature="setup()[pri:0, instance:mkAppt.dateAndTimeSlotSelection@272113c4]" started-at="2025-12-24T20:41:00 IST" name="setup" finished-at="2025-12-24T20:41:02 IST" duration-ms="1559" status="PASS">
          <reporter-output>
          </reporter-output>
        </test-method> <!-- setup -->
        <test-method signature="test(java.lang.String,java.lang.String,java.lang.String,java.lang.String,java.lang.String,java.lang.String,java.lang.String,java.lang.String,java.lang.String)[pri:1, instance:mkAppt.dateAndTimeSlotSelection@272113c4]" started-at="2025-12-24T20:41:02 IST" name="test" data-provider="makeAppointmentData" finished-at="2025-12-24T20:41:15 IST" duration-ms="12532" status="PASS">
          <params>
            <param index="0">
              <value>
                <![CDATA[provider four]]>
              </value>
            </param>
            <param index="1">
              <value>
                <![CDATA[DC]]>
              </value>
            </param>
            <param index="2">
              <value>
                <![CDATA[Bl]]>
              </value>
            </param>
            <param index="3">
              <value>
                <![CDATA[Evelyn]]>
              </value>
            </param>
            <param index="4">
              <value>
                <![CDATA[Rodriguez]]>
              </value>
            </param>
            <param index="5">
              <value>
                <![CDATA["11112000"]]>
              </value>
            </param>
            <param index="6">
              <value>
                <![CDATA[Female]]>
              </value>
            </param>
            <param index="7">
              <value>
                <![CDATA["9876543210"]]>
              </value>
            </param>
            <param index="8">
              <value>
                <![CDATA[evelyn.rodriguez@testmail.com]]>
              </value>
            </param>
          </params>
          <reporter-output>
          </reporter-output>
        </test-method> <!-- test -->
        <test-method is-config="true" signature="tearDown()[pri:0, instance:mkAppt.dateAndTimeSlotSelection@272113c4]" started-at="2025-12-24T20:41:15 IST" name="tearDown" finished-at="2025-12-24T20:41:19 IST" duration-ms="4130" status="PASS">
          <reporter-output>
          </reporter-output>
        </test-method> <!-- tearDown -->
      </class> <!-- mkAppt.dateAndTimeSlotSelection -->
    </test> <!-- Default test -->
  </suite> <!-- Default suite -->
</testng-results>
