<?xml version="1.0" encoding="UTF-8"?>
<!-- Generated by org.testng.reporters.JUnitReportReporter -->
<testsuite hostname="DESKTOP-45M1KI2" failures="0" tests="40" name="mkAppt.dateAndTimeSlotSelection" time="726.763" errors="0" timestamp="2025-12-24T20:41:19 IST" skipped="0">
  <testcase classname="mkAppt.dateAndTimeSlotSelection" name="test" time="21.812"/>
  <system-out/>
  <testcase classname="mkAppt.dateAndTimeSlotSelection" name="test" time="13.986"/>
  <system-out/>
  <testcase classname="mkAppt.dateAndTimeSlotSelection" name="test" time="20.222"/>
  <system-out/>
  <testcase classname="mkAppt.dateAndTimeSlotSelection" name="test" time="14.525"/>
  <system-out/>
  <testcase classname="mkAppt.dateAndTimeSlotSelection" name="test" time="13.647"/>
  <system-out/>
  <testcase classname="mkAppt.dateAndTimeSlotSelection" name="test" time="21.923"/>
  <system-out/>
  <testcase classname="mkAppt.dateAndTimeSlotSelection" name="test" time="14.282"/>
  <system-out/>
  <testcase classname="mkAppt.dateAndTimeSlotSelection" name="test" time="18.456"/>
  <system-out/>
  <testcase classname="mkAppt.dateAndTimeSlotSelection" name="test" time="32.978"/>
  <system-out/>
  <testcase classname="mkAppt.dateAndTimeSlotSelection" name="test" time="16.801"/>
  <system-out/>
  <testcase classname="mkAppt.dateAndTimeSlotSelection" name="test" time="25.305"/>
  <system-out/>
  <testcase classname="mkAppt.dateAndTimeSlotSelection" name="test" time="18.349"/>
  <system-out/>
  <testcase classname="mkAppt.dateAndTimeSlotSelection" name="test" time="18.920"/>
  <system-out/>
  <testcase classname="mkAppt.dateAndTimeSlotSelection" name="test" time="13.639"/>
  <system-out/>
  <testcase classname="mkAppt.dateAndTimeSlotSelection" name="test" time="13.424"/>
  <system-out/>
  <testcase classname="mkAppt.dateAndTimeSlotSelection" name="test" time="30.919"/>
  <system-out/>
  <testcase classname="mkAppt.dateAndTimeSlotSelection" name="test" time="19.178"/>
  <system-out/>
  <testcase classname="mkAppt.dateAndTimeSlotSelection" name="test" time="13.494"/>
  <system-out/>
  <testcase classname="mkAppt.dateAndTimeSlotSelection" name="test" time="17.927"/>
  <system-out/>
  <testcase classname="mkAppt.dateAndTimeSlotSelection" name="test" time="14.506"/>
  <system-out/>
  <testcase classname="mkAppt.dateAndTimeSlotSelection" name="test" time="17.508"/>
  <system-out/>
  <testcase classname="mkAppt.dateAndTimeSlotSelection" name="test" time="15.096"/>
  <system-out/>
  <testcase classname="mkAppt.dateAndTimeSlotSelection" name="test" time="20.163"/>
  <system-out/>
  <testcase classname="mkAppt.dateAndTimeSlotSelection" name="test" time="20.005"/>
  <system-out/>
  <testcase classname="mkAppt.dateAndTimeSlotSelection" name="test" time="13.970"/>
  <system-out/>
  <testcase classname="mkAppt.dateAndTimeSlotSelection" name="test" time="18.841"/>
  <system-out/>
  <testcase classname="mkAppt.dateAndTimeSlotSelection" name="test" time="16.497"/>
  <system-out/>
  <testcase classname="mkAppt.dateAndTimeSlotSelection" name="test" time="17.104"/>
  <system-out/>
  <testcase classname="mkAppt.dateAndTimeSlotSelection" name="test" time="22.493"/>
  <system-out/>
  <testcase classname="mkAppt.dateAndTimeSlotSelection" name="test" time="14.545"/>
  <system-out/>
  <testcase classname="mkAppt.dateAndTimeSlotSelection" name="test" time="14.884"/>
  <system-out/>
  <testcase classname="mkAppt.dateAndTimeSlotSelection" name="test" time="14.065"/>
  <system-out/>
  <testcase classname="mkAppt.dateAndTimeSlotSelection" name="test" time="14.621"/>
  <system-out/>
  <testcase classname="mkAppt.dateAndTimeSlotSelection" name="test" time="14.634"/>
  <system-out/>
  <testcase classname="mkAppt.dateAndTimeSlotSelection" name="test" time="25.299"/>
  <system-out/>
  <testcase classname="mkAppt.dateAndTimeSlotSelection" name="test" time="15.040"/>
  <system-out/>
  <testcase classname="mkAppt.dateAndTimeSlotSelection" name="test" time="16.089"/>
  <system-out/>
  <testcase classname="mkAppt.dateAndTimeSlotSelection" name="test" time="15.289"/>
  <system-out/>
  <testcase classname="mkAppt.dateAndTimeSlotSelection" name="test" time="24.019"/>
  <system-out/>
  <testcase classname="mkAppt.dateAndTimeSlotSelection" name="test" time="22.308"/>
  <system-out/>
</testsuite> <!-- mkAppt.dateAndTimeSlotSelection -->
