<?xml version="1.0" encoding="UTF-8"?>
<!-- Generated by org.testng.reporters.JUnitReportReporter -->
<testsuite hostname="DESKTOP-45M1KI2" failures="0" tests="40" name="mkAppt.dateAndTimeSlotSelection" time="682.761" errors="0" timestamp="2025-12-22T23:36:40 IST" skipped="0">
  <testcase classname="mkAppt.dateAndTimeSlotSelection" name="test" time="13.136"/>
  <system-out/>
  <testcase classname="mkAppt.dateAndTimeSlotSelection" name="test" time="27.919"/>
  <system-out/>
  <testcase classname="mkAppt.dateAndTimeSlotSelection" name="test" time="12.988"/>
  <system-out/>
  <testcase classname="mkAppt.dateAndTimeSlotSelection" name="test" time="14.811"/>
  <system-out/>
  <testcase classname="mkAppt.dateAndTimeSlotSelection" name="test" time="13.657"/>
  <system-out/>
  <testcase classname="mkAppt.dateAndTimeSlotSelection" name="test" time="13.239"/>
  <system-out/>
  <testcase classname="mkAppt.dateAndTimeSlotSelection" name="test" time="14.238"/>
  <system-out/>
  <testcase classname="mkAppt.dateAndTimeSlotSelection" name="test" time="16.587"/>
  <system-out/>
  <testcase classname="mkAppt.dateAndTimeSlotSelection" name="test" time="13.520"/>
  <system-out/>
  <testcase classname="mkAppt.dateAndTimeSlotSelection" name="test" time="19.693"/>
  <system-out/>
  <testcase classname="mkAppt.dateAndTimeSlotSelection" name="test" time="13.653"/>
  <system-out/>
  <testcase classname="mkAppt.dateAndTimeSlotSelection" name="test" time="29.557"/>
  <system-out/>
  <testcase classname="mkAppt.dateAndTimeSlotSelection" name="test" time="14.615"/>
  <system-out/>
  <testcase classname="mkAppt.dateAndTimeSlotSelection" name="test" time="14.584"/>
  <system-out/>
  <testcase classname="mkAppt.dateAndTimeSlotSelection" name="test" time="13.056"/>
  <system-out/>
  <testcase classname="mkAppt.dateAndTimeSlotSelection" name="test" time="15.934"/>
  <system-out/>
  <testcase classname="mkAppt.dateAndTimeSlotSelection" name="test" time="18.498"/>
  <system-out/>
  <testcase classname="mkAppt.dateAndTimeSlotSelection" name="test" time="13.367"/>
  <system-out/>
  <testcase classname="mkAppt.dateAndTimeSlotSelection" name="test" time="15.760"/>
  <system-out/>
  <testcase classname="mkAppt.dateAndTimeSlotSelection" name="test" time="13.548"/>
  <system-out/>
  <testcase classname="mkAppt.dateAndTimeSlotSelection" name="test" time="23.490"/>
  <system-out/>
  <testcase classname="mkAppt.dateAndTimeSlotSelection" name="test" time="15.776"/>
  <system-out/>
  <testcase classname="mkAppt.dateAndTimeSlotSelection" name="test" time="23.305"/>
  <system-out/>
  <testcase classname="mkAppt.dateAndTimeSlotSelection" name="test" time="14.837"/>
  <system-out/>
  <testcase classname="mkAppt.dateAndTimeSlotSelection" name="test" time="26.774"/>
  <system-out/>
  <testcase classname="mkAppt.dateAndTimeSlotSelection" name="test" time="16.296"/>
  <system-out/>
  <testcase classname="mkAppt.dateAndTimeSlotSelection" name="test" time="19.762"/>
  <system-out/>
  <testcase classname="mkAppt.dateAndTimeSlotSelection" name="test" time="15.709"/>
  <system-out/>
  <testcase classname="mkAppt.dateAndTimeSlotSelection" name="test" time="29.739"/>
  <system-out/>
  <testcase classname="mkAppt.dateAndTimeSlotSelection" name="test" time="25.601"/>
  <system-out/>
  <testcase classname="mkAppt.dateAndTimeSlotSelection" name="test" time="14.199"/>
  <system-out/>
  <testcase classname="mkAppt.dateAndTimeSlotSelection" name="test" time="13.544"/>
  <system-out/>
  <testcase classname="mkAppt.dateAndTimeSlotSelection" name="test" time="13.583"/>
  <system-out/>
  <testcase classname="mkAppt.dateAndTimeSlotSelection" name="test" time="14.176"/>
  <system-out/>
  <testcase classname="mkAppt.dateAndTimeSlotSelection" name="test" time="14.303"/>
  <system-out/>
  <testcase classname="mkAppt.dateAndTimeSlotSelection" name="test" time="16.363"/>
  <system-out/>
  <testcase classname="mkAppt.dateAndTimeSlotSelection" name="test" time="14.051"/>
  <system-out/>
  <testcase classname="mkAppt.dateAndTimeSlotSelection" name="test" time="12.703"/>
  <system-out/>
  <testcase classname="mkAppt.dateAndTimeSlotSelection" name="test" time="14.958"/>
  <system-out/>
  <testcase classname="mkAppt.dateAndTimeSlotSelection" name="test" time="21.232"/>
  <system-out/>
</testsuite> <!-- mkAppt.dateAndTimeSlotSelection -->
